[24-Oct-2018 20:21:55 UTC] PHP Fatal error:  Uncaught exception 'PDOException' with message 'SQLSTATE[HY000] [1045] Access denied for user 'jfausto'@'localhost' (using password: YES)' in /home/ubuntu/workspace/w/cst336_midterm/database.php:7
Stack trace:
#0 /home/ubuntu/workspace/w/cst336_midterm/database.php(7): PDO->__construct('mysql:host=loca...', 'jfausto', 's3cr3t')
#1 /home/ubuntu/workspace/w/cst336_midterm/create.php(50): getDatabaseConnection()
#2 /home/ubuntu/workspace/w/cst336_midterm/create.php(190): displayQuote()
#3 {main}
  thrown in /home/ubuntu/workspace/w/cst336_midterm/database.php on line 7
[24-Oct-2018 20:22:51 UTC] PHP Fatal error:  Uncaught exception 'PDOException' with message 'SQLSTATE[HY000] [1045] Access denied for user 'jfausto'@'localhost' (using password: YES)' in /home/ubuntu/workspace/w/cst336_midterm/database.php:7
Stack trace:
#0 /home/ubuntu/workspace/w/cst336_midterm/database.php(7): PDO->__construct('mysql:host=loca...', 'jfausto', 's3cr3t')
#1 /home/ubuntu/workspace/w/cst336_midterm/create.php(50): getDatabaseConnection()
#2 /home/ubuntu/workspace/w/cst336_midterm/create.php(188): displayQuote()
#3 {main}
  thrown in /home/ubuntu/workspace/w/cst336_midterm/database.php on line 7
[24-Oct-2018 20:23:14 UTC] PHP Fatal error:  Uncaught exception 'PDOException' with message 'SQLSTATE[HY000] [1045] Access denied for user 'jfausto'@'localhost' (using password: YES)' in /home/ubuntu/workspace/w/cst336_midterm/database.php:7
Stack trace:
#0 /home/ubuntu/workspace/w/cst336_midterm/database.php(7): PDO->__construct('mysql:host=loca...', 'jfausto', 's3cr3t')
#1 /home/ubuntu/workspace/w/cst336_midterm/create.php(50): getDatabaseConnection()
#2 /home/ubuntu/workspace/w/cst336_midterm/create.php(188): displayQuote()
#3 {main}
  thrown in /home/ubuntu/workspace/w/cst336_midterm/database.php on line 7
[24-Oct-2018 20:23:59 UTC] PHP Fatal error:  Uncaught exception 'PDOException' with message 'SQLSTATE[HY000] [1045] Access denied for user 'jfausto'@'localhost' (using password: YES)' in /home/ubuntu/workspace/w/cst336_midterm/database.php:7
Stack trace:
#0 /home/ubuntu/workspace/w/cst336_midterm/database.php(7): PDO->__construct('mysql:host=loca...', 'jfausto', 's3cr3t')
#1 /home/ubuntu/workspace/w/cst336_midterm/create.php(50): getDatabaseConnection()
#2 /home/ubuntu/workspace/w/cst336_midterm/create.php(167): displayQuote()
#3 {main}
  thrown in /home/ubuntu/workspace/w/cst336_midterm/database.php on line 7
[24-Oct-2018 20:25:37 UTC] PHP Fatal error:  Uncaught exception 'PDOException' with message 'SQLSTATE[HY000] [1045] Access denied for user 'jfausto'@'localhost' (using password: YES)' in /home/ubuntu/workspace/w/cst336_midterm/database.php:7
Stack trace:
#0 /home/ubuntu/workspace/w/cst336_midterm/database.php(7): PDO->__construct('mysql:host=loca...', 'jfausto', 's3cr3t')
#1 /home/ubuntu/workspace/w/cst336_midterm/create.php(31): getDatabaseConnection()
#2 /home/ubuntu/workspace/w/cst336_midterm/create.php(148): displayQuote()
#3 {main}
  thrown in /home/ubuntu/workspace/w/cst336_midterm/database.php on line 7
[24-Oct-2018 20:28:28 UTC] PHP Fatal error:  Uncaught exception 'PDOException' with message 'SQLSTATE[HY000] [1045] Access denied for user 'jfausto'@'localhost' (using password: YES)' in /home/ubuntu/workspace/w/cst336_midterm/database.php:7
Stack trace:
#0 /home/ubuntu/workspace/w/cst336_midterm/database.php(7): PDO->__construct('mysql:host=loca...', 'jfausto', 's3cr3t')
#1 /home/ubuntu/workspace/w/cst336_midterm/create.php(31): getDatabaseConnection()
#2 /home/ubuntu/workspace/w/cst336_midterm/create.php(126): displayQuote()
#3 {main}
  thrown in /home/ubuntu/workspace/w/cst336_midterm/database.php on line 7
[24-Oct-2018 20:30:34 UTC] PHP Fatal error:  Uncaught exception 'PDOException' with message 'SQLSTATE[HY000] [1045] Access denied for user 'jfausto'@'localhost' (using password: YES)' in /home/ubuntu/workspace/w/cst336_midterm/database.php:7
Stack trace:
#0 /home/ubuntu/workspace/w/cst336_midterm/database.php(7): PDO->__construct('mysql:host=loca...', 'jfausto', 's3cr3t')
#1 /home/ubuntu/workspace/w/cst336_midterm/create.php(31): getDatabaseConnection()
#2 /home/ubuntu/workspace/w/cst336_midterm/create.php(126): displayQuote()
#3 {main}
  thrown in /home/ubuntu/workspace/w/cst336_midterm/database.php on line 7
[24-Oct-2018 20:30:36 UTC] PHP Fatal error:  Uncaught exception 'PDOException' with message 'SQLSTATE[HY000] [1045] Access denied for user 'jfausto'@'localhost' (using password: YES)' in /home/ubuntu/workspace/w/cst336_midterm/database.php:7
Stack trace:
#0 /home/ubuntu/workspace/w/cst336_midterm/database.php(7): PDO->__construct('mysql:host=loca...', 'jfausto', 's3cr3t')
#1 /home/ubuntu/workspace/w/cst336_midterm/create.php(31): getDatabaseConnection()
#2 /home/ubuntu/workspace/w/cst336_midterm/create.php(126): displayQuote()
#3 {main}
  thrown in /home/ubuntu/workspace/w/cst336_midterm/database.php on line 7
[24-Oct-2018 20:33:03 UTC] PHP Fatal error:  Uncaught exception 'PDOException' with message 'SQLSTATE[HY000] [1045] Access denied for user 'jfausto'@'localhost' (using password: YES)' in /home/ubuntu/workspace/w/cst336_midterm/database.php:7
Stack trace:
#0 /home/ubuntu/workspace/w/cst336_midterm/database.php(7): PDO->__construct('mysql:host=loca...', 'jfausto', 's3cr3t')
#1 /home/ubuntu/workspace/w/cst336_midterm/create.php(31): getDatabaseConnection()
#2 /home/ubuntu/workspace/w/cst336_midterm/create.php(114): displayQuote()
#3 {main}
  thrown in /home/ubuntu/workspace/w/cst336_midterm/database.php on line 7
[24-Oct-2018 20:33:05 UTC] PHP Fatal error:  Uncaught exception 'PDOException' with message 'SQLSTATE[HY000] [1045] Access denied for user 'jfausto'@'localhost' (using password: YES)' in /home/ubuntu/workspace/w/cst336_midterm/database.php:7
Stack trace:
#0 /home/ubuntu/workspace/w/cst336_midterm/database.php(7): PDO->__construct('mysql:host=loca...', 'jfausto', 's3cr3t')
#1 /home/ubuntu/workspace/w/cst336_midterm/create.php(31): getDatabaseConnection()
#2 /home/ubuntu/workspace/w/cst336_midterm/create.php(114): displayQuote()
#3 {main}
  thrown in /home/ubuntu/workspace/w/cst336_midterm/database.php on line 7
[24-Oct-2018 20:33:06 UTC] PHP Fatal error:  Uncaught exception 'PDOException' with message 'SQLSTATE[HY000] [1045] Access denied for user 'jfausto'@'localhost' (using password: YES)' in /home/ubuntu/workspace/w/cst336_midterm/database.php:7
Stack trace:
#0 /home/ubuntu/workspace/w/cst336_midterm/database.php(7): PDO->__construct('mysql:host=loca...', 'jfausto', 's3cr3t')
#1 /home/ubuntu/workspace/w/cst336_midterm/create.php(31): getDatabaseConnection()
#2 /home/ubuntu/workspace/w/cst336_midterm/create.php(114): displayQuote()
#3 {main}
  thrown in /home/ubuntu/workspace/w/cst336_midterm/database.php on line 7
[24-Oct-2018 20:33:07 UTC] PHP Fatal error:  Uncaught exception 'PDOException' with message 'SQLSTATE[HY000] [1045] Access denied for user 'jfausto'@'localhost' (using password: YES)' in /home/ubuntu/workspace/w/cst336_midterm/database.php:7
Stack trace:
#0 /home/ubuntu/workspace/w/cst336_midterm/database.php(7): PDO->__construct('mysql:host=loca...', 'jfausto', 's3cr3t')
#1 /home/ubuntu/workspace/w/cst336_midterm/create.php(31): getDatabaseConnection()
#2 /home/ubuntu/workspace/w/cst336_midterm/create.php(114): displayQuote()
#3 {main}
  thrown in /home/ubuntu/workspace/w/cst336_midterm/database.php on line 7
[24-Oct-2018 20:33:09 UTC] PHP Fatal error:  Uncaught exception 'PDOException' with message 'SQLSTATE[HY000] [1045] Access denied for user 'jfausto'@'localhost' (using password: YES)' in /home/ubuntu/workspace/w/cst336_midterm/database.php:7
Stack trace:
#0 /home/ubuntu/workspace/w/cst336_midterm/database.php(7): PDO->__construct('mysql:host=loca...', 'jfausto', 's3cr3t')
#1 /home/ubuntu/workspace/w/cst336_midterm/create.php(31): getDatabaseConnection()
#2 /home/ubuntu/workspace/w/cst336_midterm/create.php(114): displayQuote()
#3 {main}
  thrown in /home/ubuntu/workspace/w/cst336_midterm/database.php on line 7
[24-Oct-2018 20:38:15 UTC] PHP Fatal error:  Uncaught exception 'PDOException' with message 'SQLSTATE[HY000] [1045] Access denied for user 'jfausto'@'localhost' (using password: YES)' in /home/ubuntu/workspace/w/cst336_midterm/database.php:7
Stack trace:
#0 /home/ubuntu/workspace/w/cst336_midterm/database.php(7): PDO->__construct('mysql:host=loca...', 'jfausto', 's3cr3t')
#1 /home/ubuntu/workspace/w/cst336_midterm/create.php(31): getDatabaseConnection()
#2 /home/ubuntu/workspace/w/cst336_midterm/create.php(114): displayQuote()
#3 {main}
  thrown in /home/ubuntu/workspace/w/cst336_midterm/database.php on line 7
[24-Oct-2018 20:40:39 UTC] PHP Fatal error:  Uncaught exception 'PDOException' with message 'SQLSTATE[HY000] [1045] Access denied for user 'jfausto'@'localhost' (using password: YES)' in /home/ubuntu/workspace/w/cst336_midterm/database.php:7
Stack trace:
#0 /home/ubuntu/workspace/w/cst336_midterm/database.php(7): PDO->__construct('mysql:host=loca...', 'jfausto', 'YES')
#1 /home/ubuntu/workspace/w/cst336_midterm/create.php(31): getDatabaseConnection()
#2 /home/ubuntu/workspace/w/cst336_midterm/create.php(114): displayQuote()
#3 {main}
  thrown in /home/ubuntu/workspace/w/cst336_midterm/database.php on line 7
[24-Oct-2018 20:41:09 UTC] PHP Fatal error:  Uncaught exception 'PDOException' with message 'SQLSTATE[HY000] [1045] Access denied for user 'jfausto'@'localhost' (using password: NO)' in /home/ubuntu/workspace/w/cst336_midterm/database.php:7
Stack trace:
#0 /home/ubuntu/workspace/w/cst336_midterm/database.php(7): PDO->__construct('mysql:host=loca...', 'jfausto', '')
#1 /home/ubuntu/workspace/w/cst336_midterm/create.php(31): getDatabaseConnection()
#2 /home/ubuntu/workspace/w/cst336_midterm/create.php(114): displayQuote()
#3 {main}
  thrown in /home/ubuntu/workspace/w/cst336_midterm/database.php on line 7
[24-Oct-2018 20:58:52 UTC] PHP Fatal error:  Uncaught exception 'PDOException' with message 'SQLSTATE[HY000] [1045] Access denied for user 'jfausto'@'localhost' (using password: NO)' in /home/ubuntu/workspace/w/cst336_midterm/database.php:7
Stack trace:
#0 /home/ubuntu/workspace/w/cst336_midterm/database.php(7): PDO->__construct('mysql:host=loca...', 'jfausto', '')
#1 /home/ubuntu/workspace/w/cst336_midterm/cst336_midterm.php(4): getDatabaseConnection()
#2 {main}
  thrown in /home/ubuntu/workspace/w/cst336_midterm/database.php on line 7
[24-Oct-2018 21:01:35 UTC] PHP Fatal error:  Uncaught exception 'PDOException' with message 'SQLSTATE[HY000] [1045] Access denied for user 'jfausto'@'localhost' (using password: NO)' in /home/ubuntu/workspace/w/cst336_midterm/database.php:7
Stack trace:
#0 /home/ubuntu/workspace/w/cst336_midterm/database.php(7): PDO->__construct('mysql:host=loca...', 'jfausto', '')
#1 /home/ubuntu/workspace/w/cst336_midterm/cst336_midterm.php(4): getDatabaseConnection()
#2 {main}
  thrown in /home/ubuntu/workspace/w/cst336_midterm/database.php on line 7
[19-Dec-2018 23:11:05 UTC] PHP Fatal error:  Uncaught exception 'PDOException' with message 'SQLSTATE[HY000] [1045] Access denied for user ''@'localhost' (using password: YES)' in /home/ubuntu/workspace/w/final/index.php:23
Stack trace:
#0 /home/ubuntu/workspace/w/final/index.php(23): PDO->__construct('mysql:host=;por...', '', 'Mexico1723$')
#1 {main}
  thrown in /home/ubuntu/workspace/w/final/index.php on line 23
[19-Dec-2018 23:12:44 UTC] PHP Fatal error:  Uncaught exception 'PDOException' with message 'SQLSTATE[HY000] [1045] Access denied for user ''@'localhost' (using password: YES)' in /home/ubuntu/workspace/w/final/index.php:23
Stack trace:
#0 /home/ubuntu/workspace/w/final/index.php(23): PDO->__construct('mysql:host=;por...', '', 'Mexico1723$')
#1 {main}
  thrown in /home/ubuntu/workspace/w/final/index.php on line 23
[20-Dec-2018 00:13:05 UTC] PHP Fatal error:  Uncaught exception 'PDOException' with message 'SQLSTATE[HY000] [1045] Access denied for user ''@'localhost' (using password: YES)' in /home/ubuntu/workspace/w/final/index.php:23
Stack trace:
#0 /home/ubuntu/workspace/w/final/index.php(23): PDO->__construct('mysql:host=;por...', '', 'Mexico1723$')
#1 {main}
  thrown in /home/ubuntu/workspace/w/final/index.php on line 23
[20-Dec-2018 00:13:39 UTC] PHP Fatal error:  Uncaught exception 'PDOException' with message 'SQLSTATE[HY000] [1045] Access denied for user ''@'localhost' (using password: YES)' in /home/ubuntu/workspace/w/final/index.php:70
Stack trace:
#0 /home/ubuntu/workspace/w/final/index.php(70): PDO->__construct('mysql:host=;por...', '', 'Mexico1723$')
#1 {main}
  thrown in /home/ubuntu/workspace/w/final/index.php on line 70
[20-Dec-2018 00:16:39 UTC] PHP Fatal error:  Uncaught exception 'PDOException' with message 'SQLSTATE[HY000] [1045] Access denied for user ''@'localhost' (using password: YES)' in /home/ubuntu/workspace/w/final/index.php:23
Stack trace:
#0 /home/ubuntu/workspace/w/final/index.php(23): PDO->__construct('mysql:host=;por...', '', 'Mexico1723$')
#1 {main}
  thrown in /home/ubuntu/workspace/w/final/index.php on line 23
[20-Dec-2018 00:17:12 UTC] PHP Fatal error:  Uncaught exception 'PDOException' with message 'SQLSTATE[HY000] [1045] Access denied for user ''@'localhost' (using password: YES)' in /home/ubuntu/workspace/w/final/index.php:70
Stack trace:
#0 /home/ubuntu/workspace/w/final/index.php(70): PDO->__construct('mysql:host=;por...', '', 'Mexico1723$')
#1 {main}
  thrown in /home/ubuntu/workspace/w/final/index.php on line 70
[20-Dec-2018 00:19:46 UTC] PHP Fatal error:  Uncaught exception 'PDOException' with message 'SQLSTATE[HY000] [1045] Access denied for user ''@'localhost' (using password: YES)' in /home/ubuntu/workspace/w/final/index.php:23
Stack trace:
#0 /home/ubuntu/workspace/w/final/index.php(23): PDO->__construct('mysql:host=;por...', '', 'Mexico1723$')
#1 {main}
  thrown in /home/ubuntu/workspace/w/final/index.php on line 23
[20-Dec-2018 00:20:27 UTC] PHP Fatal error:  Uncaught exception 'PDOException' with message 'SQLSTATE[HY000] [1045] Access denied for user ''@'localhost' (using password: YES)' in /home/ubuntu/workspace/w/final/index.php:70
Stack trace:
#0 /home/ubuntu/workspace/w/final/index.php(70): PDO->__construct('mysql:host=;por...', '', 'Mexico1723$')
#1 {main}
  thrown in /home/ubuntu/workspace/w/final/index.php on line 70
[20-Dec-2018 00:36:26 UTC] PHP Fatal error:  Uncaught exception 'PDOException' with message 'SQLSTATE[HY000] [1045] Access denied for user ''@'localhost' (using password: YES)' in /home/ubuntu/workspace/w/final/index.php:23
Stack trace:
#0 /home/ubuntu/workspace/w/final/index.php(23): PDO->__construct('mysql:host=;por...', '', 'Mexico1723$')
#1 {main}
  thrown in /home/ubuntu/workspace/w/final/index.php on line 23
[20-Dec-2018 00:49:32 UTC] PHP Fatal error:  Uncaught exception 'PDOException' with message 'SQLSTATE[HY000] [1045] Access denied for user ''@'localhost' (using password: YES)' in /home/ubuntu/workspace/w/final/index.php:23
Stack trace:
#0 /home/ubuntu/workspace/w/final/index.php(23): PDO->__construct('mysql:host=;por...', '', 'Mexico1723$')
#1 {main}
  thrown in /home/ubuntu/workspace/w/final/index.php on line 23
[20-Dec-2018 00:49:42 UTC] PHP Fatal error:  Uncaught exception 'PDOException' with message 'SQLSTATE[HY000] [1045] Access denied for user ''@'localhost' (using password: YES)' in /home/ubuntu/workspace/w/final/index.php:23
Stack trace:
#0 /home/ubuntu/workspace/w/final/index.php(23): PDO->__construct('mysql:host=;por...', '', 'Mexico1723$')
#1 {main}
  thrown in /home/ubuntu/workspace/w/final/index.php on line 23
[20-Dec-2018 01:00:25 UTC] PHP Fatal error:  Uncaught exception 'PDOException' with message 'SQLSTATE[HY000] [1045] Access denied for user ''@'localhost' (using password: YES)' in /home/ubuntu/workspace/w/final/index.php:23
Stack trace:
#0 /home/ubuntu/workspace/w/final/index.php(23): PDO->__construct('mysql:host=;por...', '', 'Mexico1723$')
#1 {main}
  thrown in /home/ubuntu/workspace/w/final/index.php on line 23
[20-Dec-2018 01:05:02 UTC] PHP Fatal error:  Uncaught exception 'PDOException' with message 'SQLSTATE[42S02]: Base table or view not found: 1146 Table 'final_exam.type' doesn't exist' in /home/ubuntu/workspace/w/final/index.php:39
Stack trace:
#0 /home/ubuntu/workspace/w/final/index.php(39): PDOStatement->execute(NULL)
#1 {main}
  thrown in /home/ubuntu/workspace/w/final/index.php on line 39
[20-Dec-2018 01:05:45 UTC] PHP Fatal error:  Uncaught exception 'PDOException' with message 'SQLSTATE[42S02]: Base table or view not found: 1146 Table 'final_exam.type' doesn't exist' in /home/ubuntu/workspace/w/final/index.php:39
Stack trace:
#0 /home/ubuntu/workspace/w/final/index.php(39): PDOStatement->execute(NULL)
#1 {main}
  thrown in /home/ubuntu/workspace/w/final/index.php on line 39
[20-Dec-2018 01:11:08 UTC] PHP Fatal error:  Uncaught exception 'PDOException' with message 'SQLSTATE[HY093]: Invalid parameter number: parameter was not defined' in /home/ubuntu/workspace/w/final/index.php:87
Stack trace:
#0 /home/ubuntu/workspace/w/final/index.php(87): PDOStatement->execute(Array)
#1 {main}
  thrown in /home/ubuntu/workspace/w/final/index.php on line 87
