[24-Sep-2018 19:46:12 UTC] PHP Warning:  imagepng(): Unable to open 'inc/charts/1537818372.9954.png' for writing: No such file or directory in /home/ubuntu/workspace/w/practice/practice3/p3/inc/charts.php on line 71
[24-Sep-2018 19:46:13 UTC] PHP Stack trace:
[24-Sep-2018 19:46:13 UTC] PHP   1. {main}() /home/ubuntu/workspace/w/practice/practice3/p3/reviews.php:0
[24-Sep-2018 19:46:13 UTC] PHP   2. movieReviews() /home/ubuntu/workspace/w/practice/practice3/p3/reviews.php:61
[24-Sep-2018 19:46:13 UTC] PHP   3. displayRatings() /home/ubuntu/workspace/w/practice/practice3/p3/reviews.php:25
[24-Sep-2018 19:46:13 UTC] PHP   4. bar_graph() /home/ubuntu/workspace/w/practice/practice3/p3/inc/charts.php:30
[24-Sep-2018 19:46:13 UTC] PHP   5. imagepng() /home/ubuntu/workspace/w/practice/practice3/p3/inc/charts.php:71
[24-Sep-2018 19:46:13 UTC] PHP Warning:  imagepng(): Unable to open 'inc/charts/1537818373.0456.png' for writing: No such file or directory in /home/ubuntu/workspace/w/practice/practice3/p3/inc/charts.php on line 71
[24-Sep-2018 19:46:13 UTC] PHP Stack trace:
[24-Sep-2018 19:46:13 UTC] PHP   1. {main}() /home/ubuntu/workspace/w/practice/practice3/p3/reviews.php:0
[24-Sep-2018 19:46:13 UTC] PHP   2. movieReviews() /home/ubuntu/workspace/w/practice/practice3/p3/reviews.php:61
[24-Sep-2018 19:46:13 UTC] PHP   3. displayRatings() /home/ubuntu/workspace/w/practice/practice3/p3/reviews.php:25
[24-Sep-2018 19:46:13 UTC] PHP   4. bar_graph() /home/ubuntu/workspace/w/practice/practice3/p3/inc/charts.php:30
[24-Sep-2018 19:46:13 UTC] PHP   5. imagepng() /home/ubuntu/workspace/w/practice/practice3/p3/inc/charts.php:71
[24-Sep-2018 19:46:13 UTC] PHP Warning:  imagepng(): Unable to open 'inc/charts/1537818373.0459.png' for writing: No such file or directory in /home/ubuntu/workspace/w/practice/practice3/p3/inc/charts.php on line 71
[24-Sep-2018 19:46:13 UTC] PHP Stack trace:
[24-Sep-2018 19:46:13 UTC] PHP   1. {main}() /home/ubuntu/workspace/w/practice/practice3/p3/reviews.php:0
[24-Sep-2018 19:46:13 UTC] PHP   2. movieReviews() /home/ubuntu/workspace/w/practice/practice3/p3/reviews.php:61
[24-Sep-2018 19:46:13 UTC] PHP   3. displayRatings() /home/ubuntu/workspace/w/practice/practice3/p3/reviews.php:25
[24-Sep-2018 19:46:13 UTC] PHP   4. bar_graph() /home/ubuntu/workspace/w/practice/practice3/p3/inc/charts.php:30
[24-Sep-2018 19:46:13 UTC] PHP   5. imagepng() /home/ubuntu/workspace/w/practice/practice3/p3/inc/charts.php:71
[24-Sep-2018 19:46:13 UTC] PHP Warning:  imagepng(): Unable to open 'inc/charts/1537818373.0461.png' for writing: No such file or directory in /home/ubuntu/workspace/w/practice/practice3/p3/inc/charts.php on line 71
[24-Sep-2018 19:46:13 UTC] PHP Stack trace:
[24-Sep-2018 19:46:13 UTC] PHP   1. {main}() /home/ubuntu/workspace/w/practice/practice3/p3/reviews.php:0
[24-Sep-2018 19:46:13 UTC] PHP   2. movieReviews() /home/ubuntu/workspace/w/practice/practice3/p3/reviews.php:61
[24-Sep-2018 19:46:13 UTC] PHP   3. displayRatings() /home/ubuntu/workspace/w/practice/practice3/p3/reviews.php:25
[24-Sep-2018 19:46:13 UTC] PHP   4. bar_graph() /home/ubuntu/workspace/w/practice/practice3/p3/inc/charts.php:30
[24-Sep-2018 19:46:13 UTC] PHP   5. imagepng() /home/ubuntu/workspace/w/practice/practice3/p3/inc/charts.php:71
[24-Sep-2018 19:46:13 UTC] PHP Warning:  imagepng(): Unable to open 'inc/charts/1537818373.0464.png' for writing: No such file or directory in /home/ubuntu/workspace/w/practice/practice3/p3/inc/charts.php on line 71
[24-Sep-2018 19:46:13 UTC] PHP Stack trace:
[24-Sep-2018 19:46:13 UTC] PHP   1. {main}() /home/ubuntu/workspace/w/practice/practice3/p3/reviews.php:0
[24-Sep-2018 19:46:13 UTC] PHP   2. movieReviews() /home/ubuntu/workspace/w/practice/practice3/p3/reviews.php:63
[24-Sep-2018 19:46:13 UTC] PHP   3. displayRatings() /home/ubuntu/workspace/w/practice/practice3/p3/reviews.php:25
[24-Sep-2018 19:46:13 UTC] PHP   4. bar_graph() /home/ubuntu/workspace/w/practice/practice3/p3/inc/charts.php:30
[24-Sep-2018 19:46:13 UTC] PHP   5. imagepng() /home/ubuntu/workspace/w/practice/practice3/p3/inc/charts.php:71
[24-Sep-2018 19:48:15 UTC] PHP Warning:  imagepng(): Unable to open 'inc/charts/1537818495.4906.png' for writing: No such file or directory in /home/ubuntu/workspace/w/practice/practice3/p3/inc/charts.php on line 71
[24-Sep-2018 19:48:15 UTC] PHP Stack trace:
[24-Sep-2018 19:48:15 UTC] PHP   1. {main}() /home/ubuntu/workspace/w/practice/practice3/p3/reviews.php:0
[24-Sep-2018 19:48:15 UTC] PHP   2. movieReviews() /home/ubuntu/workspace/w/practice/practice3/p3/reviews.php:61
[24-Sep-2018 19:48:15 UTC] PHP   3. displayRatings() /home/ubuntu/workspace/w/practice/practice3/p3/reviews.php:25
[24-Sep-2018 19:48:15 UTC] PHP   4. bar_graph() /home/ubuntu/workspace/w/practice/practice3/p3/inc/charts.php:30
[24-Sep-2018 19:48:15 UTC] PHP   5. imagepng() /home/ubuntu/workspace/w/practice/practice3/p3/inc/charts.php:71
[24-Sep-2018 19:48:15 UTC] PHP Warning:  imagepng(): Unable to open 'inc/charts/1537818495.5001.png' for writing: No such file or directory in /home/ubuntu/workspace/w/practice/practice3/p3/inc/charts.php on line 71
[24-Sep-2018 19:48:15 UTC] PHP Stack trace:
[24-Sep-2018 19:48:15 UTC] PHP   1. {main}() /home/ubuntu/workspace/w/practice/practice3/p3/reviews.php:0
[24-Sep-2018 19:48:15 UTC] PHP   2. movieReviews() /home/ubuntu/workspace/w/practice/practice3/p3/reviews.php:61
[24-Sep-2018 19:48:15 UTC] PHP   3. displayRatings() /home/ubuntu/workspace/w/practice/practice3/p3/reviews.php:25
[24-Sep-2018 19:48:15 UTC] PHP   4. bar_graph() /home/ubuntu/workspace/w/practice/practice3/p3/inc/charts.php:30
[24-Sep-2018 19:48:15 UTC] PHP   5. imagepng() /home/ubuntu/workspace/w/practice/practice3/p3/inc/charts.php:71
[24-Sep-2018 19:48:15 UTC] PHP Warning:  imagepng(): Unable to open 'inc/charts/1537818495.5005.png' for writing: No such file or directory in /home/ubuntu/workspace/w/practice/practice3/p3/inc/charts.php on line 71
[24-Sep-2018 19:48:15 UTC] PHP Stack trace:
[24-Sep-2018 19:48:15 UTC] PHP   1. {main}() /home/ubuntu/workspace/w/practice/practice3/p3/reviews.php:0
[24-Sep-2018 19:48:15 UTC] PHP   2. movieReviews() /home/ubuntu/workspace/w/practice/practice3/p3/reviews.php:61
[24-Sep-2018 19:48:15 UTC] PHP   3. displayRatings() /home/ubuntu/workspace/w/practice/practice3/p3/reviews.php:25
[24-Sep-2018 19:48:15 UTC] PHP   4. bar_graph() /home/ubuntu/workspace/w/practice/practice3/p3/inc/charts.php:30
[24-Sep-2018 19:48:15 UTC] PHP   5. imagepng() /home/ubuntu/workspace/w/practice/practice3/p3/inc/charts.php:71
[24-Sep-2018 19:48:15 UTC] PHP Warning:  imagepng(): Unable to open 'inc/charts/1537818495.5008.png' for writing: No such file or directory in /home/ubuntu/workspace/w/practice/practice3/p3/inc/charts.php on line 71
[24-Sep-2018 19:48:15 UTC] PHP Stack trace:
[24-Sep-2018 19:48:15 UTC] PHP   1. {main}() /home/ubuntu/workspace/w/practice/practice3/p3/reviews.php:0
[24-Sep-2018 19:48:15 UTC] PHP   2. movieReviews() /home/ubuntu/workspace/w/practice/practice3/p3/reviews.php:61
[24-Sep-2018 19:48:15 UTC] PHP   3. displayRatings() /home/ubuntu/workspace/w/practice/practice3/p3/reviews.php:25
[24-Sep-2018 19:48:15 UTC] PHP   4. bar_graph() /home/ubuntu/workspace/w/practice/practice3/p3/inc/charts.php:30
[24-Sep-2018 19:48:15 UTC] PHP   5. imagepng() /home/ubuntu/workspace/w/practice/practice3/p3/inc/charts.php:71
[24-Sep-2018 19:48:15 UTC] PHP Warning:  imagepng(): Unable to open 'inc/charts/1537818495.5012.png' for writing: No such file or directory in /home/ubuntu/workspace/w/practice/practice3/p3/inc/charts.php on line 71
[24-Sep-2018 19:48:15 UTC] PHP Stack trace:
[24-Sep-2018 19:48:15 UTC] PHP   1. {main}() /home/ubuntu/workspace/w/practice/practice3/p3/reviews.php:0
[24-Sep-2018 19:48:15 UTC] PHP   2. movieReviews() /home/ubuntu/workspace/w/practice/practice3/p3/reviews.php:63
[24-Sep-2018 19:48:15 UTC] PHP   3. displayRatings() /home/ubuntu/workspace/w/practice/practice3/p3/reviews.php:25
[24-Sep-2018 19:48:15 UTC] PHP   4. bar_graph() /home/ubuntu/workspace/w/practice/practice3/p3/inc/charts.php:30
[24-Sep-2018 19:48:15 UTC] PHP   5. imagepng() /home/ubuntu/workspace/w/practice/practice3/p3/inc/charts.php:71
[24-Sep-2018 19:55:45 UTC] PHP Warning:  imagepng(): Unable to open 'inc/charts/1537818945.2936.png' for writing: No such file or directory in /home/ubuntu/workspace/w/practice/practice3/p3/inc/charts.php on line 71
[24-Sep-2018 19:55:45 UTC] PHP Stack trace:
[24-Sep-2018 19:55:45 UTC] PHP   1. {main}() /home/ubuntu/workspace/w/practice/practice3/p3/reviews.php:0
[24-Sep-2018 19:55:45 UTC] PHP   2. movieReviews() /home/ubuntu/workspace/w/practice/practice3/p3/reviews.php:61
[24-Sep-2018 19:55:45 UTC] PHP   3. displayRatings() /home/ubuntu/workspace/w/practice/practice3/p3/reviews.php:25
[24-Sep-2018 19:55:45 UTC] PHP   4. bar_graph() /home/ubuntu/workspace/w/practice/practice3/p3/inc/charts.php:30
[24-Sep-2018 19:55:45 UTC] PHP   5. imagepng() /home/ubuntu/workspace/w/practice/practice3/p3/inc/charts.php:71
[24-Sep-2018 19:55:45 UTC] PHP Warning:  imagepng(): Unable to open 'inc/charts/1537818945.3029.png' for writing: No such file or directory in /home/ubuntu/workspace/w/practice/practice3/p3/inc/charts.php on line 71
[24-Sep-2018 19:55:45 UTC] PHP Stack trace:
[24-Sep-2018 19:55:45 UTC] PHP   1. {main}() /home/ubuntu/workspace/w/practice/practice3/p3/reviews.php:0
[24-Sep-2018 19:55:45 UTC] PHP   2. movieReviews() /home/ubuntu/workspace/w/practice/practice3/p3/reviews.php:61
[24-Sep-2018 19:55:45 UTC] PHP   3. displayRatings() /home/ubuntu/workspace/w/practice/practice3/p3/reviews.php:25
[24-Sep-2018 19:55:45 UTC] PHP   4. bar_graph() /home/ubuntu/workspace/w/practice/practice3/p3/inc/charts.php:30
[24-Sep-2018 19:55:45 UTC] PHP   5. imagepng() /home/ubuntu/workspace/w/practice/practice3/p3/inc/charts.php:71
[24-Sep-2018 19:55:45 UTC] PHP Warning:  imagepng(): Unable to open 'inc/charts/1537818945.3032.png' for writing: No such file or directory in /home/ubuntu/workspace/w/practice/practice3/p3/inc/charts.php on line 71
[24-Sep-2018 19:55:45 UTC] PHP Stack trace:
[24-Sep-2018 19:55:45 UTC] PHP   1. {main}() /home/ubuntu/workspace/w/practice/practice3/p3/reviews.php:0
[24-Sep-2018 19:55:45 UTC] PHP   2. movieReviews() /home/ubuntu/workspace/w/practice/practice3/p3/reviews.php:61
[24-Sep-2018 19:55:45 UTC] PHP   3. displayRatings() /home/ubuntu/workspace/w/practice/practice3/p3/reviews.php:25
[24-Sep-2018 19:55:45 UTC] PHP   4. bar_graph() /home/ubuntu/workspace/w/practice/practice3/p3/inc/charts.php:30
[24-Sep-2018 19:55:45 UTC] PHP   5. imagepng() /home/ubuntu/workspace/w/practice/practice3/p3/inc/charts.php:71
[24-Sep-2018 19:55:45 UTC] PHP Warning:  imagepng(): Unable to open 'inc/charts/1537818945.3035.png' for writing: No such file or directory in /home/ubuntu/workspace/w/practice/practice3/p3/inc/charts.php on line 71
[24-Sep-2018 19:55:45 UTC] PHP Stack trace:
[24-Sep-2018 19:55:45 UTC] PHP   1. {main}() /home/ubuntu/workspace/w/practice/practice3/p3/reviews.php:0
[24-Sep-2018 19:55:45 UTC] PHP   2. movieReviews() /home/ubuntu/workspace/w/practice/practice3/p3/reviews.php:61
[24-Sep-2018 19:55:45 UTC] PHP   3. displayRatings() /home/ubuntu/workspace/w/practice/practice3/p3/reviews.php:25
[24-Sep-2018 19:55:45 UTC] PHP   4. bar_graph() /home/ubuntu/workspace/w/practice/practice3/p3/inc/charts.php:30
[24-Sep-2018 19:55:45 UTC] PHP   5. imagepng() /home/ubuntu/workspace/w/practice/practice3/p3/inc/charts.php:71
[24-Sep-2018 19:55:45 UTC] PHP Warning:  imagepng(): Unable to open 'inc/charts/1537818945.3038.png' for writing: No such file or directory in /home/ubuntu/workspace/w/practice/practice3/p3/inc/charts.php on line 71
[24-Sep-2018 19:55:45 UTC] PHP Stack trace:
[24-Sep-2018 19:55:45 UTC] PHP   1. {main}() /home/ubuntu/workspace/w/practice/practice3/p3/reviews.php:0
[24-Sep-2018 19:55:45 UTC] PHP   2. movieReviews() /home/ubuntu/workspace/w/practice/practice3/p3/reviews.php:63
[24-Sep-2018 19:55:45 UTC] PHP   3. displayRatings() /home/ubuntu/workspace/w/practice/practice3/p3/reviews.php:25
[24-Sep-2018 19:55:45 UTC] PHP   4. bar_graph() /home/ubuntu/workspace/w/practice/practice3/p3/inc/charts.php:30
[24-Sep-2018 19:55:45 UTC] PHP   5. imagepng() /home/ubuntu/workspace/w/practice/practice3/p3/inc/charts.php:71
[24-Sep-2018 19:56:22 UTC] PHP Warning:  imagepng(): Unable to open 'inc/charts/1537818982.8582.png' for writing: No such file or directory in /home/ubuntu/workspace/w/practice/practice3/p3/inc/charts.php on line 71
[24-Sep-2018 19:56:22 UTC] PHP Stack trace:
[24-Sep-2018 19:56:22 UTC] PHP   1. {main}() /home/ubuntu/workspace/w/practice/practice3/p3/reviews.php:0
[24-Sep-2018 19:56:22 UTC] PHP   2. movieReviews() /home/ubuntu/workspace/w/practice/practice3/p3/reviews.php:61
[24-Sep-2018 19:56:22 UTC] PHP   3. displayRatings() /home/ubuntu/workspace/w/practice/practice3/p3/reviews.php:25
[24-Sep-2018 19:56:22 UTC] PHP   4. bar_graph() /home/ubuntu/workspace/w/practice/practice3/p3/inc/charts.php:30
[24-Sep-2018 19:56:22 UTC] PHP   5. imagepng() /home/ubuntu/workspace/w/practice/practice3/p3/inc/charts.php:71
[24-Sep-2018 19:56:22 UTC] PHP Warning:  imagepng(): Unable to open 'inc/charts/1537818982.8647.png' for writing: No such file or directory in /home/ubuntu/workspace/w/practice/practice3/p3/inc/charts.php on line 71
[24-Sep-2018 19:56:22 UTC] PHP Stack trace:
[24-Sep-2018 19:56:22 UTC] PHP   1. {main}() /home/ubuntu/workspace/w/practice/practice3/p3/reviews.php:0
[24-Sep-2018 19:56:22 UTC] PHP   2. movieReviews() /home/ubuntu/workspace/w/practice/practice3/p3/reviews.php:61
[24-Sep-2018 19:56:22 UTC] PHP   3. displayRatings() /home/ubuntu/workspace/w/practice/practice3/p3/reviews.php:25
[24-Sep-2018 19:56:22 UTC] PHP   4. bar_graph() /home/ubuntu/workspace/w/practice/practice3/p3/inc/charts.php:30
[24-Sep-2018 19:56:22 UTC] PHP   5. imagepng() /home/ubuntu/workspace/w/practice/practice3/p3/inc/charts.php:71
[24-Sep-2018 19:56:22 UTC] PHP Warning:  imagepng(): Unable to open 'inc/charts/1537818982.865.png' for writing: No such file or directory in /home/ubuntu/workspace/w/practice/practice3/p3/inc/charts.php on line 71
[24-Sep-2018 19:56:22 UTC] PHP Stack trace:
[24-Sep-2018 19:56:22 UTC] PHP   1. {main}() /home/ubuntu/workspace/w/practice/practice3/p3/reviews.php:0
[24-Sep-2018 19:56:22 UTC] PHP   2. movieReviews() /home/ubuntu/workspace/w/practice/practice3/p3/reviews.php:61
[24-Sep-2018 19:56:22 UTC] PHP   3. displayRatings() /home/ubuntu/workspace/w/practice/practice3/p3/reviews.php:25
[24-Sep-2018 19:56:22 UTC] PHP   4. bar_graph() /home/ubuntu/workspace/w/practice/practice3/p3/inc/charts.php:30
[24-Sep-2018 19:56:22 UTC] PHP   5. imagepng() /home/ubuntu/workspace/w/practice/practice3/p3/inc/charts.php:71
[24-Sep-2018 19:56:22 UTC] PHP Warning:  imagepng(): Unable to open 'inc/charts/1537818982.8652.png' for writing: No such file or directory in /home/ubuntu/workspace/w/practice/practice3/p3/inc/charts.php on line 71
[24-Sep-2018 19:56:22 UTC] PHP Stack trace:
[24-Sep-2018 19:56:22 UTC] PHP   1. {main}() /home/ubuntu/workspace/w/practice/practice3/p3/reviews.php:0
[24-Sep-2018 19:56:22 UTC] PHP   2. movieReviews() /home/ubuntu/workspace/w/practice/practice3/p3/reviews.php:61
[24-Sep-2018 19:56:22 UTC] PHP   3. displayRatings() /home/ubuntu/workspace/w/practice/practice3/p3/reviews.php:25
[24-Sep-2018 19:56:22 UTC] PHP   4. bar_graph() /home/ubuntu/workspace/w/practice/practice3/p3/inc/charts.php:30
[24-Sep-2018 19:56:22 UTC] PHP   5. imagepng() /home/ubuntu/workspace/w/practice/practice3/p3/inc/charts.php:71
[24-Sep-2018 19:56:22 UTC] PHP Warning:  imagepng(): Unable to open 'inc/charts/1537818982.8654.png' for writing: No such file or directory in /home/ubuntu/workspace/w/practice/practice3/p3/inc/charts.php on line 71
[24-Sep-2018 19:56:22 UTC] PHP Stack trace:
[24-Sep-2018 19:56:22 UTC] PHP   1. {main}() /home/ubuntu/workspace/w/practice/practice3/p3/reviews.php:0
[24-Sep-2018 19:56:22 UTC] PHP   2. movieReviews() /home/ubuntu/workspace/w/practice/practice3/p3/reviews.php:61
[24-Sep-2018 19:56:22 UTC] PHP   3. displayRatings() /home/ubuntu/workspace/w/practice/practice3/p3/reviews.php:25
[24-Sep-2018 19:56:22 UTC] PHP   4. bar_graph() /home/ubuntu/workspace/w/practice/practice3/p3/inc/charts.php:30
[24-Sep-2018 19:56:22 UTC] PHP   5. imagepng() /home/ubuntu/workspace/w/practice/practice3/p3/inc/charts.php:71
[24-Sep-2018 19:56:22 UTC] PHP Warning:  imagepng(): Unable to open 'inc/charts/1537818982.8656.png' for writing: No such file or directory in /home/ubuntu/workspace/w/practice/practice3/p3/inc/charts.php on line 71
[24-Sep-2018 19:56:22 UTC] PHP Stack trace:
[24-Sep-2018 19:56:22 UTC] PHP   1. {main}() /home/ubuntu/workspace/w/practice/practice3/p3/reviews.php:0
[24-Sep-2018 19:56:22 UTC] PHP   2. movieReviews() /home/ubuntu/workspace/w/practice/practice3/p3/reviews.php:63
[24-Sep-2018 19:56:22 UTC] PHP   3. displayRatings() /home/ubuntu/workspace/w/practice/practice3/p3/reviews.php:25
[24-Sep-2018 19:56:22 UTC] PHP   4. bar_graph() /home/ubuntu/workspace/w/practice/practice3/p3/inc/charts.php:30
[24-Sep-2018 19:56:22 UTC] PHP   5. imagepng() /home/ubuntu/workspace/w/practice/practice3/p3/inc/charts.php:71
[24-Sep-2018 19:58:00 UTC] PHP Warning:  imagepng(): Unable to open 'inc/charts/1537819080.6645.png' for writing: No such file or directory in /home/ubuntu/workspace/w/practice/practice3/p3/inc/charts.php on line 71
[24-Sep-2018 19:58:00 UTC] PHP Stack trace:
[24-Sep-2018 19:58:00 UTC] PHP   1. {main}() /home/ubuntu/workspace/w/practice/practice3/p3/reviews.php:0
[24-Sep-2018 19:58:00 UTC] PHP   2. movieReviews() /home/ubuntu/workspace/w/practice/practice3/p3/reviews.php:61
[24-Sep-2018 19:58:00 UTC] PHP   3. displayRatings() /home/ubuntu/workspace/w/practice/practice3/p3/reviews.php:25
[24-Sep-2018 19:58:00 UTC] PHP   4. bar_graph() /home/ubuntu/workspace/w/practice/practice3/p3/inc/charts.php:30
[24-Sep-2018 19:58:00 UTC] PHP   5. imagepng() /home/ubuntu/workspace/w/practice/practice3/p3/inc/charts.php:71
[24-Sep-2018 19:58:00 UTC] PHP Warning:  imagepng(): Unable to open 'inc/charts/1537819080.6713.png' for writing: No such file or directory in /home/ubuntu/workspace/w/practice/practice3/p3/inc/charts.php on line 71
[24-Sep-2018 19:58:00 UTC] PHP Stack trace:
[24-Sep-2018 19:58:00 UTC] PHP   1. {main}() /home/ubuntu/workspace/w/practice/practice3/p3/reviews.php:0
[24-Sep-2018 19:58:00 UTC] PHP   2. movieReviews() /home/ubuntu/workspace/w/practice/practice3/p3/reviews.php:61
[24-Sep-2018 19:58:00 UTC] PHP   3. displayRatings() /home/ubuntu/workspace/w/practice/practice3/p3/reviews.php:25
[24-Sep-2018 19:58:00 UTC] PHP   4. bar_graph() /home/ubuntu/workspace/w/practice/practice3/p3/inc/charts.php:30
[24-Sep-2018 19:58:00 UTC] PHP   5. imagepng() /home/ubuntu/workspace/w/practice/practice3/p3/inc/charts.php:71
[24-Sep-2018 19:58:00 UTC] PHP Warning:  imagepng(): Unable to open 'inc/charts/1537819080.6716.png' for writing: No such file or directory in /home/ubuntu/workspace/w/practice/practice3/p3/inc/charts.php on line 71
[24-Sep-2018 19:58:00 UTC] PHP Stack trace:
[24-Sep-2018 19:58:00 UTC] PHP   1. {main}() /home/ubuntu/workspace/w/practice/practice3/p3/reviews.php:0
[24-Sep-2018 19:58:00 UTC] PHP   2. movieReviews() /home/ubuntu/workspace/w/practice/practice3/p3/reviews.php:61
[24-Sep-2018 19:58:00 UTC] PHP   3. displayRatings() /home/ubuntu/workspace/w/practice/practice3/p3/reviews.php:25
[24-Sep-2018 19:58:00 UTC] PHP   4. bar_graph() /home/ubuntu/workspace/w/practice/practice3/p3/inc/charts.php:30
[24-Sep-2018 19:58:00 UTC] PHP   5. imagepng() /home/ubuntu/workspace/w/practice/practice3/p3/inc/charts.php:71
[24-Sep-2018 19:58:00 UTC] PHP Warning:  imagepng(): Unable to open 'inc/charts/1537819080.6718.png' for writing: No such file or directory in /home/ubuntu/workspace/w/practice/practice3/p3/inc/charts.php on line 71
[24-Sep-2018 19:58:00 UTC] PHP Stack trace:
[24-Sep-2018 19:58:00 UTC] PHP   1. {main}() /home/ubuntu/workspace/w/practice/practice3/p3/reviews.php:0
[24-Sep-2018 19:58:00 UTC] PHP   2. movieReviews() /home/ubuntu/workspace/w/practice/practice3/p3/reviews.php:61
[24-Sep-2018 19:58:00 UTC] PHP   3. displayRatings() /home/ubuntu/workspace/w/practice/practice3/p3/reviews.php:25
[24-Sep-2018 19:58:00 UTC] PHP   4. bar_graph() /home/ubuntu/workspace/w/practice/practice3/p3/inc/charts.php:30
[24-Sep-2018 19:58:00 UTC] PHP   5. imagepng() /home/ubuntu/workspace/w/practice/practice3/p3/inc/charts.php:71
[24-Sep-2018 19:58:00 UTC] PHP Warning:  imagepng(): Unable to open 'inc/charts/1537819080.672.png' for writing: No such file or directory in /home/ubuntu/workspace/w/practice/practice3/p3/inc/charts.php on line 71
[24-Sep-2018 19:58:00 UTC] PHP Stack trace:
[24-Sep-2018 19:58:00 UTC] PHP   1. {main}() /home/ubuntu/workspace/w/practice/practice3/p3/reviews.php:0
[24-Sep-2018 19:58:00 UTC] PHP   2. movieReviews() /home/ubuntu/workspace/w/practice/practice3/p3/reviews.php:61
[24-Sep-2018 19:58:00 UTC] PHP   3. displayRatings() /home/ubuntu/workspace/w/practice/practice3/p3/reviews.php:25
[24-Sep-2018 19:58:00 UTC] PHP   4. bar_graph() /home/ubuntu/workspace/w/practice/practice3/p3/inc/charts.php:30
[24-Sep-2018 19:58:00 UTC] PHP   5. imagepng() /home/ubuntu/workspace/w/practice/practice3/p3/inc/charts.php:71
[24-Sep-2018 19:58:00 UTC] PHP Warning:  imagepng(): Unable to open 'inc/charts/1537819080.6722.png' for writing: No such file or directory in /home/ubuntu/workspace/w/practice/practice3/p3/inc/charts.php on line 71
[24-Sep-2018 19:58:00 UTC] PHP Stack trace:
[24-Sep-2018 19:58:00 UTC] PHP   1. {main}() /home/ubuntu/workspace/w/practice/practice3/p3/reviews.php:0
[24-Sep-2018 19:58:00 UTC] PHP   2. movieReviews() /home/ubuntu/workspace/w/practice/practice3/p3/reviews.php:63
[24-Sep-2018 19:58:00 UTC] PHP   3. displayRatings() /home/ubuntu/workspace/w/practice/practice3/p3/reviews.php:25
[24-Sep-2018 19:58:00 UTC] PHP   4. bar_graph() /home/ubuntu/workspace/w/practice/practice3/p3/inc/charts.php:30
[24-Sep-2018 19:58:00 UTC] PHP   5. imagepng() /home/ubuntu/workspace/w/practice/practice3/p3/inc/charts.php:71
[24-Sep-2018 19:58:00 UTC] PHP Warning:  sort() expects parameter 1 to be array, null given in /home/ubuntu/workspace/w/practice/practice3/p3/reviews.php on line 64
[24-Sep-2018 19:58:00 UTC] PHP Stack trace:
[24-Sep-2018 19:58:00 UTC] PHP   1. {main}() /home/ubuntu/workspace/w/practice/practice3/p3/reviews.php:0
[24-Sep-2018 19:58:00 UTC] PHP   2. sort() /home/ubuntu/workspace/w/practice/practice3/p3/reviews.php:64
[24-Sep-2018 19:58:27 UTC] PHP Warning:  imagepng(): Unable to open 'inc/charts/1537819107.6911.png' for writing: No such file or directory in /home/ubuntu/workspace/w/practice/practice3/p3/inc/charts.php on line 71
[24-Sep-2018 19:58:27 UTC] PHP Stack trace:
[24-Sep-2018 19:58:27 UTC] PHP   1. {main}() /home/ubuntu/workspace/w/practice/practice3/p3/reviews.php:0
[24-Sep-2018 19:58:27 UTC] PHP   2. movieReviews() /home/ubuntu/workspace/w/practice/practice3/p3/reviews.php:61
[24-Sep-2018 19:58:27 UTC] PHP   3. displayRatings() /home/ubuntu/workspace/w/practice/practice3/p3/reviews.php:25
[24-Sep-2018 19:58:27 UTC] PHP   4. bar_graph() /home/ubuntu/workspace/w/practice/practice3/p3/inc/charts.php:30
[24-Sep-2018 19:58:27 UTC] PHP   5. imagepng() /home/ubuntu/workspace/w/practice/practice3/p3/inc/charts.php:71
[24-Sep-2018 19:58:27 UTC] PHP Warning:  imagepng(): Unable to open 'inc/charts/1537819107.7009.png' for writing: No such file or directory in /home/ubuntu/workspace/w/practice/practice3/p3/inc/charts.php on line 71
[24-Sep-2018 19:58:27 UTC] PHP Stack trace:
[24-Sep-2018 19:58:27 UTC] PHP   1. {main}() /home/ubuntu/workspace/w/practice/practice3/p3/reviews.php:0
[24-Sep-2018 19:58:27 UTC] PHP   2. movieReviews() /home/ubuntu/workspace/w/practice/practice3/p3/reviews.php:61
[24-Sep-2018 19:58:27 UTC] PHP   3. displayRatings() /home/ubuntu/workspace/w/practice/practice3/p3/reviews.php:25
[24-Sep-2018 19:58:27 UTC] PHP   4. bar_graph() /home/ubuntu/workspace/w/practice/practice3/p3/inc/charts.php:30
[24-Sep-2018 19:58:27 UTC] PHP   5. imagepng() /home/ubuntu/workspace/w/practice/practice3/p3/inc/charts.php:71
[24-Sep-2018 19:58:27 UTC] PHP Warning:  imagepng(): Unable to open 'inc/charts/1537819107.7013.png' for writing: No such file or directory in /home/ubuntu/workspace/w/practice/practice3/p3/inc/charts.php on line 71
[24-Sep-2018 19:58:27 UTC] PHP Stack trace:
[24-Sep-2018 19:58:27 UTC] PHP   1. {main}() /home/ubuntu/workspace/w/practice/practice3/p3/reviews.php:0
[24-Sep-2018 19:58:27 UTC] PHP   2. movieReviews() /home/ubuntu/workspace/w/practice/practice3/p3/reviews.php:61
[24-Sep-2018 19:58:27 UTC] PHP   3. displayRatings() /home/ubuntu/workspace/w/practice/practice3/p3/reviews.php:25
[24-Sep-2018 19:58:27 UTC] PHP   4. bar_graph() /home/ubuntu/workspace/w/practice/practice3/p3/inc/charts.php:30
[24-Sep-2018 19:58:27 UTC] PHP   5. imagepng() /home/ubuntu/workspace/w/practice/practice3/p3/inc/charts.php:71
[24-Sep-2018 19:58:27 UTC] PHP Warning:  imagepng(): Unable to open 'inc/charts/1537819107.7017.png' for writing: No such file or directory in /home/ubuntu/workspace/w/practice/practice3/p3/inc/charts.php on line 71
[24-Sep-2018 19:58:27 UTC] PHP Stack trace:
[24-Sep-2018 19:58:27 UTC] PHP   1. {main}() /home/ubuntu/workspace/w/practice/practice3/p3/reviews.php:0
[24-Sep-2018 19:58:27 UTC] PHP   2. movieReviews() /home/ubuntu/workspace/w/practice/practice3/p3/reviews.php:61
[24-Sep-2018 19:58:27 UTC] PHP   3. displayRatings() /home/ubuntu/workspace/w/practice/practice3/p3/reviews.php:25
[24-Sep-2018 19:58:27 UTC] PHP   4. bar_graph() /home/ubuntu/workspace/w/practice/practice3/p3/inc/charts.php:30
[24-Sep-2018 19:58:27 UTC] PHP   5. imagepng() /home/ubuntu/workspace/w/practice/practice3/p3/inc/charts.php:71
[24-Sep-2018 19:58:27 UTC] PHP Warning:  imagepng(): Unable to open 'inc/charts/1537819107.7021.png' for writing: No such file or directory in /home/ubuntu/workspace/w/practice/practice3/p3/inc/charts.php on line 71
[24-Sep-2018 19:58:27 UTC] PHP Stack trace:
[24-Sep-2018 19:58:27 UTC] PHP   1. {main}() /home/ubuntu/workspace/w/practice/practice3/p3/reviews.php:0
[24-Sep-2018 19:58:27 UTC] PHP   2. movieReviews() /home/ubuntu/workspace/w/practice/practice3/p3/reviews.php:61
[24-Sep-2018 19:58:27 UTC] PHP   3. displayRatings() /home/ubuntu/workspace/w/practice/practice3/p3/reviews.php:25
[24-Sep-2018 19:58:27 UTC] PHP   4. bar_graph() /home/ubuntu/workspace/w/practice/practice3/p3/inc/charts.php:30
[24-Sep-2018 19:58:27 UTC] PHP   5. imagepng() /home/ubuntu/workspace/w/practice/practice3/p3/inc/charts.php:71
[24-Sep-2018 19:58:27 UTC] PHP Warning:  imagepng(): Unable to open 'inc/charts/1537819107.7024.png' for writing: No such file or directory in /home/ubuntu/workspace/w/practice/practice3/p3/inc/charts.php on line 71
[24-Sep-2018 19:58:27 UTC] PHP Stack trace:
[24-Sep-2018 19:58:27 UTC] PHP   1. {main}() /home/ubuntu/workspace/w/practice/practice3/p3/reviews.php:0
[24-Sep-2018 19:58:27 UTC] PHP   2. movieReviews() /home/ubuntu/workspace/w/practice/practice3/p3/reviews.php:63
[24-Sep-2018 19:58:27 UTC] PHP   3. displayRatings() /home/ubuntu/workspace/w/practice/practice3/p3/reviews.php:25
[24-Sep-2018 19:58:27 UTC] PHP   4. bar_graph() /home/ubuntu/workspace/w/practice/practice3/p3/inc/charts.php:30
[24-Sep-2018 19:58:27 UTC] PHP   5. imagepng() /home/ubuntu/workspace/w/practice/practice3/p3/inc/charts.php:71
[24-Sep-2018 19:58:27 UTC] PHP Warning:  sort() expects parameter 1 to be array, null given in /home/ubuntu/workspace/w/practice/practice3/p3/reviews.php on line 64
[24-Sep-2018 19:58:27 UTC] PHP Stack trace:
[24-Sep-2018 19:58:27 UTC] PHP   1. {main}() /home/ubuntu/workspace/w/practice/practice3/p3/reviews.php:0
[24-Sep-2018 19:58:27 UTC] PHP   2. sort() /home/ubuntu/workspace/w/practice/practice3/p3/reviews.php:64
[24-Sep-2018 20:00:14 UTC] PHP Warning:  imagepng(): Unable to open 'inc/charts/1537819214.2546.png' for writing: No such file or directory in /home/ubuntu/workspace/w/practice/practice3/p3/inc/charts.php on line 71
[24-Sep-2018 20:00:14 UTC] PHP Stack trace:
[24-Sep-2018 20:00:14 UTC] PHP   1. {main}() /home/ubuntu/workspace/w/practice/practice3/p3/reviews.php:0
[24-Sep-2018 20:00:14 UTC] PHP   2. movieReviews() /home/ubuntu/workspace/w/practice/practice3/p3/reviews.php:63
[24-Sep-2018 20:00:14 UTC] PHP   3. displayRatings() /home/ubuntu/workspace/w/practice/practice3/p3/reviews.php:25
[24-Sep-2018 20:00:14 UTC] PHP   4. bar_graph() /home/ubuntu/workspace/w/practice/practice3/p3/inc/charts.php:30
[24-Sep-2018 20:00:14 UTC] PHP   5. imagepng() /home/ubuntu/workspace/w/practice/practice3/p3/inc/charts.php:71
[24-Sep-2018 20:00:14 UTC] PHP Warning:  imagepng(): Unable to open 'inc/charts/1537819214.2611.png' for writing: No such file or directory in /home/ubuntu/workspace/w/practice/practice3/p3/inc/charts.php on line 71
[24-Sep-2018 20:00:14 UTC] PHP Stack trace:
[24-Sep-2018 20:00:14 UTC] PHP   1. {main}() /home/ubuntu/workspace/w/practice/practice3/p3/reviews.php:0
[24-Sep-2018 20:00:14 UTC] PHP   2. movieReviews() /home/ubuntu/workspace/w/practice/practice3/p3/reviews.php:63
[24-Sep-2018 20:00:14 UTC] PHP   3. displayRatings() /home/ubuntu/workspace/w/practice/practice3/p3/reviews.php:25
[24-Sep-2018 20:00:14 UTC] PHP   4. bar_graph() /home/ubuntu/workspace/w/practice/practice3/p3/inc/charts.php:30
[24-Sep-2018 20:00:14 UTC] PHP   5. imagepng() /home/ubuntu/workspace/w/practice/practice3/p3/inc/charts.php:71
[24-Sep-2018 20:00:14 UTC] PHP Warning:  imagepng(): Unable to open 'inc/charts/1537819214.2614.png' for writing: No such file or directory in /home/ubuntu/workspace/w/practice/practice3/p3/inc/charts.php on line 71
[24-Sep-2018 20:00:14 UTC] PHP Stack trace:
[24-Sep-2018 20:00:14 UTC] PHP   1. {main}() /home/ubuntu/workspace/w/practice/practice3/p3/reviews.php:0
[24-Sep-2018 20:00:14 UTC] PHP   2. movieReviews() /home/ubuntu/workspace/w/practice/practice3/p3/reviews.php:63
[24-Sep-2018 20:00:14 UTC] PHP   3. displayRatings() /home/ubuntu/workspace/w/practice/practice3/p3/reviews.php:25
[24-Sep-2018 20:00:14 UTC] PHP   4. bar_graph() /home/ubuntu/workspace/w/practice/practice3/p3/inc/charts.php:30
[24-Sep-2018 20:00:14 UTC] PHP   5. imagepng() /home/ubuntu/workspace/w/practice/practice3/p3/inc/charts.php:71
[24-Sep-2018 20:00:14 UTC] PHP Warning:  imagepng(): Unable to open 'inc/charts/1537819214.2616.png' for writing: No such file or directory in /home/ubuntu/workspace/w/practice/practice3/p3/inc/charts.php on line 71
[24-Sep-2018 20:00:14 UTC] PHP Stack trace:
[24-Sep-2018 20:00:14 UTC] PHP   1. {main}() /home/ubuntu/workspace/w/practice/practice3/p3/reviews.php:0
[24-Sep-2018 20:00:14 UTC] PHP   2. movieReviews() /home/ubuntu/workspace/w/practice/practice3/p3/reviews.php:63
[24-Sep-2018 20:00:14 UTC] PHP   3. displayRatings() /home/ubuntu/workspace/w/practice/practice3/p3/reviews.php:25
[24-Sep-2018 20:00:14 UTC] PHP   4. bar_graph() /home/ubuntu/workspace/w/practice/practice3/p3/inc/charts.php:30
[24-Sep-2018 20:00:14 UTC] PHP   5. imagepng() /home/ubuntu/workspace/w/practice/practice3/p3/inc/charts.php:71
[24-Sep-2018 20:00:14 UTC] PHP Warning:  imagepng(): Unable to open 'inc/charts/1537819214.2618.png' for writing: No such file or directory in /home/ubuntu/workspace/w/practice/practice3/p3/inc/charts.php on line 71
[24-Sep-2018 20:00:14 UTC] PHP Stack trace:
[24-Sep-2018 20:00:14 UTC] PHP   1. {main}() /home/ubuntu/workspace/w/practice/practice3/p3/reviews.php:0
[24-Sep-2018 20:00:14 UTC] PHP   2. movieReviews() /home/ubuntu/workspace/w/practice/practice3/p3/reviews.php:63
[24-Sep-2018 20:00:14 UTC] PHP   3. displayRatings() /home/ubuntu/workspace/w/practice/practice3/p3/reviews.php:25
[24-Sep-2018 20:00:14 UTC] PHP   4. bar_graph() /home/ubuntu/workspace/w/practice/practice3/p3/inc/charts.php:30
[24-Sep-2018 20:00:14 UTC] PHP   5. imagepng() /home/ubuntu/workspace/w/practice/practice3/p3/inc/charts.php:71
[24-Sep-2018 20:00:14 UTC] PHP Warning:  imagepng(): Unable to open 'inc/charts/1537819214.262.png' for writing: No such file or directory in /home/ubuntu/workspace/w/practice/practice3/p3/inc/charts.php on line 71
[24-Sep-2018 20:00:14 UTC] PHP Stack trace:
[24-Sep-2018 20:00:14 UTC] PHP   1. {main}() /home/ubuntu/workspace/w/practice/practice3/p3/reviews.php:0
[24-Sep-2018 20:00:14 UTC] PHP   2. movieReviews() /home/ubuntu/workspace/w/practice/practice3/p3/reviews.php:65
[24-Sep-2018 20:00:14 UTC] PHP   3. displayRatings() /home/ubuntu/workspace/w/practice/practice3/p3/reviews.php:25
[24-Sep-2018 20:00:14 UTC] PHP   4. bar_graph() /home/ubuntu/workspace/w/practice/practice3/p3/inc/charts.php:30
[24-Sep-2018 20:00:14 UTC] PHP   5. imagepng() /home/ubuntu/workspace/w/practice/practice3/p3/inc/charts.php:71
[24-Sep-2018 20:00:54 UTC] PHP Warning:  imagepng(): Unable to open 'inc/charts/1537819254.9993.png' for writing: No such file or directory in /home/ubuntu/workspace/w/practice/practice3/p3/inc/charts.php on line 71
[24-Sep-2018 20:00:54 UTC] PHP Stack trace:
[24-Sep-2018 20:00:54 UTC] PHP   1. {main}() /home/ubuntu/workspace/w/practice/practice3/p3/reviews.php:0
[24-Sep-2018 20:00:54 UTC] PHP   2. movieReviews() /home/ubuntu/workspace/w/practice/practice3/p3/reviews.php:63
[24-Sep-2018 20:00:54 UTC] PHP   3. displayRatings() /home/ubuntu/workspace/w/practice/practice3/p3/reviews.php:25
[24-Sep-2018 20:00:54 UTC] PHP   4. bar_graph() /home/ubuntu/workspace/w/practice/practice3/p3/inc/charts.php:30
[24-Sep-2018 20:00:54 UTC] PHP   5. imagepng() /home/ubuntu/workspace/w/practice/practice3/p3/inc/charts.php:71
[24-Sep-2018 20:00:55 UTC] PHP Warning:  imagepng(): Unable to open 'inc/charts/1537819255.0059.png' for writing: No such file or directory in /home/ubuntu/workspace/w/practice/practice3/p3/inc/charts.php on line 71
[24-Sep-2018 20:00:55 UTC] PHP Stack trace:
[24-Sep-2018 20:00:55 UTC] PHP   1. {main}() /home/ubuntu/workspace/w/practice/practice3/p3/reviews.php:0
[24-Sep-2018 20:00:55 UTC] PHP   2. movieReviews() /home/ubuntu/workspace/w/practice/practice3/p3/reviews.php:63
[24-Sep-2018 20:00:55 UTC] PHP   3. displayRatings() /home/ubuntu/workspace/w/practice/practice3/p3/reviews.php:25
[24-Sep-2018 20:00:55 UTC] PHP   4. bar_graph() /home/ubuntu/workspace/w/practice/practice3/p3/inc/charts.php:30
[24-Sep-2018 20:00:55 UTC] PHP   5. imagepng() /home/ubuntu/workspace/w/practice/practice3/p3/inc/charts.php:71
[24-Sep-2018 20:00:55 UTC] PHP Warning:  imagepng(): Unable to open 'inc/charts/1537819255.0061.png' for writing: No such file or directory in /home/ubuntu/workspace/w/practice/practice3/p3/inc/charts.php on line 71
[24-Sep-2018 20:00:55 UTC] PHP Stack trace:
[24-Sep-2018 20:00:55 UTC] PHP   1. {main}() /home/ubuntu/workspace/w/practice/practice3/p3/reviews.php:0
[24-Sep-2018 20:00:55 UTC] PHP   2. movieReviews() /home/ubuntu/workspace/w/practice/practice3/p3/reviews.php:63
[24-Sep-2018 20:00:55 UTC] PHP   3. displayRatings() /home/ubuntu/workspace/w/practice/practice3/p3/reviews.php:25
[24-Sep-2018 20:00:55 UTC] PHP   4. bar_graph() /home/ubuntu/workspace/w/practice/practice3/p3/inc/charts.php:30
[24-Sep-2018 20:00:55 UTC] PHP   5. imagepng() /home/ubuntu/workspace/w/practice/practice3/p3/inc/charts.php:71
[24-Sep-2018 20:00:55 UTC] PHP Warning:  imagepng(): Unable to open 'inc/charts/1537819255.0063.png' for writing: No such file or directory in /home/ubuntu/workspace/w/practice/practice3/p3/inc/charts.php on line 71
[24-Sep-2018 20:00:55 UTC] PHP Stack trace:
[24-Sep-2018 20:00:55 UTC] PHP   1. {main}() /home/ubuntu/workspace/w/practice/practice3/p3/reviews.php:0
[24-Sep-2018 20:00:55 UTC] PHP   2. movieReviews() /home/ubuntu/workspace/w/practice/practice3/p3/reviews.php:63
[24-Sep-2018 20:00:55 UTC] PHP   3. displayRatings() /home/ubuntu/workspace/w/practice/practice3/p3/reviews.php:25
[24-Sep-2018 20:00:55 UTC] PHP   4. bar_graph() /home/ubuntu/workspace/w/practice/practice3/p3/inc/charts.php:30
[24-Sep-2018 20:00:55 UTC] PHP   5. imagepng() /home/ubuntu/workspace/w/practice/practice3/p3/inc/charts.php:71
[24-Sep-2018 20:00:55 UTC] PHP Warning:  imagepng(): Unable to open 'inc/charts/1537819255.0066.png' for writing: No such file or directory in /home/ubuntu/workspace/w/practice/practice3/p3/inc/charts.php on line 71
[24-Sep-2018 20:00:55 UTC] PHP Stack trace:
[24-Sep-2018 20:00:55 UTC] PHP   1. {main}() /home/ubuntu/workspace/w/practice/practice3/p3/reviews.php:0
[24-Sep-2018 20:00:55 UTC] PHP   2. movieReviews() /home/ubuntu/workspace/w/practice/practice3/p3/reviews.php:63
[24-Sep-2018 20:00:55 UTC] PHP   3. displayRatings() /home/ubuntu/workspace/w/practice/practice3/p3/reviews.php:25
[24-Sep-2018 20:00:55 UTC] PHP   4. bar_graph() /home/ubuntu/workspace/w/practice/practice3/p3/inc/charts.php:30
[24-Sep-2018 20:00:55 UTC] PHP   5. imagepng() /home/ubuntu/workspace/w/practice/practice3/p3/inc/charts.php:71
[24-Sep-2018 20:00:55 UTC] PHP Warning:  imagepng(): Unable to open 'inc/charts/1537819255.0068.png' for writing: No such file or directory in /home/ubuntu/workspace/w/practice/practice3/p3/inc/charts.php on line 71
[24-Sep-2018 20:00:55 UTC] PHP Stack trace:
[24-Sep-2018 20:00:55 UTC] PHP   1. {main}() /home/ubuntu/workspace/w/practice/practice3/p3/reviews.php:0
[24-Sep-2018 20:00:55 UTC] PHP   2. movieReviews() /home/ubuntu/workspace/w/practice/practice3/p3/reviews.php:65
[24-Sep-2018 20:00:55 UTC] PHP   3. displayRatings() /home/ubuntu/workspace/w/practice/practice3/p3/reviews.php:25
[24-Sep-2018 20:00:55 UTC] PHP   4. bar_graph() /home/ubuntu/workspace/w/practice/practice3/p3/inc/charts.php:30
[24-Sep-2018 20:00:55 UTC] PHP   5. imagepng() /home/ubuntu/workspace/w/practice/practice3/p3/inc/charts.php:71
[24-Sep-2018 20:01:07 UTC] PHP Warning:  imagepng(): Unable to open 'inc/charts/1537819267.7528.png' for writing: No such file or directory in /home/ubuntu/workspace/w/practice/practice3/p3/inc/charts.php on line 71
[24-Sep-2018 20:01:07 UTC] PHP Stack trace:
[24-Sep-2018 20:01:07 UTC] PHP   1. {main}() /home/ubuntu/workspace/w/practice/practice3/p3/reviews.php:0
[24-Sep-2018 20:01:07 UTC] PHP   2. movieReviews() /home/ubuntu/workspace/w/practice/practice3/p3/reviews.php:63
[24-Sep-2018 20:01:07 UTC] PHP   3. displayRatings() /home/ubuntu/workspace/w/practice/practice3/p3/reviews.php:25
[24-Sep-2018 20:01:07 UTC] PHP   4. bar_graph() /home/ubuntu/workspace/w/practice/practice3/p3/inc/charts.php:30
[24-Sep-2018 20:01:07 UTC] PHP   5. imagepng() /home/ubuntu/workspace/w/practice/practice3/p3/inc/charts.php:71
[24-Sep-2018 20:01:07 UTC] PHP Warning:  imagepng(): Unable to open 'inc/charts/1537819267.7601.png' for writing: No such file or directory in /home/ubuntu/workspace/w/practice/practice3/p3/inc/charts.php on line 71
[24-Sep-2018 20:01:07 UTC] PHP Stack trace:
[24-Sep-2018 20:01:07 UTC] PHP   1. {main}() /home/ubuntu/workspace/w/practice/practice3/p3/reviews.php:0
[24-Sep-2018 20:01:07 UTC] PHP   2. movieReviews() /home/ubuntu/workspace/w/practice/practice3/p3/reviews.php:63
[24-Sep-2018 20:01:07 UTC] PHP   3. displayRatings() /home/ubuntu/workspace/w/practice/practice3/p3/reviews.php:25
[24-Sep-2018 20:01:07 UTC] PHP   4. bar_graph() /home/ubuntu/workspace/w/practice/practice3/p3/inc/charts.php:30
[24-Sep-2018 20:01:07 UTC] PHP   5. imagepng() /home/ubuntu/workspace/w/practice/practice3/p3/inc/charts.php:71
[24-Sep-2018 20:01:07 UTC] PHP Warning:  imagepng(): Unable to open 'inc/charts/1537819267.7603.png' for writing: No such file or directory in /home/ubuntu/workspace/w/practice/practice3/p3/inc/charts.php on line 71
[24-Sep-2018 20:01:07 UTC] PHP Stack trace:
[24-Sep-2018 20:01:07 UTC] PHP   1. {main}() /home/ubuntu/workspace/w/practice/practice3/p3/reviews.php:0
[24-Sep-2018 20:01:07 UTC] PHP   2. movieReviews() /home/ubuntu/workspace/w/practice/practice3/p3/reviews.php:63
[24-Sep-2018 20:01:07 UTC] PHP   3. displayRatings() /home/ubuntu/workspace/w/practice/practice3/p3/reviews.php:25
[24-Sep-2018 20:01:07 UTC] PHP   4. bar_graph() /home/ubuntu/workspace/w/practice/practice3/p3/inc/charts.php:30
[24-Sep-2018 20:01:07 UTC] PHP   5. imagepng() /home/ubuntu/workspace/w/practice/practice3/p3/inc/charts.php:71
[24-Sep-2018 20:01:07 UTC] PHP Warning:  imagepng(): Unable to open 'inc/charts/1537819267.7605.png' for writing: No such file or directory in /home/ubuntu/workspace/w/practice/practice3/p3/inc/charts.php on line 71
[24-Sep-2018 20:01:07 UTC] PHP Stack trace:
[24-Sep-2018 20:01:07 UTC] PHP   1. {main}() /home/ubuntu/workspace/w/practice/practice3/p3/reviews.php:0
[24-Sep-2018 20:01:07 UTC] PHP   2. movieReviews() /home/ubuntu/workspace/w/practice/practice3/p3/reviews.php:63
[24-Sep-2018 20:01:07 UTC] PHP   3. displayRatings() /home/ubuntu/workspace/w/practice/practice3/p3/reviews.php:25
[24-Sep-2018 20:01:07 UTC] PHP   4. bar_graph() /home/ubuntu/workspace/w/practice/practice3/p3/inc/charts.php:30
[24-Sep-2018 20:01:07 UTC] PHP   5. imagepng() /home/ubuntu/workspace/w/practice/practice3/p3/inc/charts.php:71
[24-Sep-2018 20:01:07 UTC] PHP Warning:  imagepng(): Unable to open 'inc/charts/1537819267.7608.png' for writing: No such file or directory in /home/ubuntu/workspace/w/practice/practice3/p3/inc/charts.php on line 71
[24-Sep-2018 20:01:07 UTC] PHP Stack trace:
[24-Sep-2018 20:01:07 UTC] PHP   1. {main}() /home/ubuntu/workspace/w/practice/practice3/p3/reviews.php:0
[24-Sep-2018 20:01:07 UTC] PHP   2. movieReviews() /home/ubuntu/workspace/w/practice/practice3/p3/reviews.php:63
[24-Sep-2018 20:01:07 UTC] PHP   3. displayRatings() /home/ubuntu/workspace/w/practice/practice3/p3/reviews.php:25
[24-Sep-2018 20:01:07 UTC] PHP   4. bar_graph() /home/ubuntu/workspace/w/practice/practice3/p3/inc/charts.php:30
[24-Sep-2018 20:01:07 UTC] PHP   5. imagepng() /home/ubuntu/workspace/w/practice/practice3/p3/inc/charts.php:71
[24-Sep-2018 20:01:07 UTC] PHP Warning:  imagepng(): Unable to open 'inc/charts/1537819267.7609.png' for writing: No such file or directory in /home/ubuntu/workspace/w/practice/practice3/p3/inc/charts.php on line 71
[24-Sep-2018 20:01:07 UTC] PHP Stack trace:
[24-Sep-2018 20:01:07 UTC] PHP   1. {main}() /home/ubuntu/workspace/w/practice/practice3/p3/reviews.php:0
[24-Sep-2018 20:01:07 UTC] PHP   2. movieReviews() /home/ubuntu/workspace/w/practice/practice3/p3/reviews.php:65
[24-Sep-2018 20:01:07 UTC] PHP   3. displayRatings() /home/ubuntu/workspace/w/practice/practice3/p3/reviews.php:25
[24-Sep-2018 20:01:07 UTC] PHP   4. bar_graph() /home/ubuntu/workspace/w/practice/practice3/p3/inc/charts.php:30
[24-Sep-2018 20:01:07 UTC] PHP   5. imagepng() /home/ubuntu/workspace/w/practice/practice3/p3/inc/charts.php:71
[24-Sep-2018 20:01:17 UTC] PHP Warning:  imagepng(): Unable to open 'inc/charts/1537819277.0348.png' for writing: No such file or directory in /home/ubuntu/workspace/w/practice/practice3/p3/inc/charts.php on line 71
[24-Sep-2018 20:01:17 UTC] PHP Stack trace:
[24-Sep-2018 20:01:17 UTC] PHP   1. {main}() /home/ubuntu/workspace/w/practice/practice3/p3/reviews.php:0
[24-Sep-2018 20:01:17 UTC] PHP   2. movieReviews() /home/ubuntu/workspace/w/practice/practice3/p3/reviews.php:63
[24-Sep-2018 20:01:17 UTC] PHP   3. displayRatings() /home/ubuntu/workspace/w/practice/practice3/p3/reviews.php:25
[24-Sep-2018 20:01:17 UTC] PHP   4. bar_graph() /home/ubuntu/workspace/w/practice/practice3/p3/inc/charts.php:30
[24-Sep-2018 20:01:17 UTC] PHP   5. imagepng() /home/ubuntu/workspace/w/practice/practice3/p3/inc/charts.php:71
[24-Sep-2018 20:01:17 UTC] PHP Warning:  imagepng(): Unable to open 'inc/charts/1537819277.0408.png' for writing: No such file or directory in /home/ubuntu/workspace/w/practice/practice3/p3/inc/charts.php on line 71
[24-Sep-2018 20:01:17 UTC] PHP Stack trace:
[24-Sep-2018 20:01:17 UTC] PHP   1. {main}() /home/ubuntu/workspace/w/practice/practice3/p3/reviews.php:0
[24-Sep-2018 20:01:17 UTC] PHP   2. movieReviews() /home/ubuntu/workspace/w/practice/practice3/p3/reviews.php:63
[24-Sep-2018 20:01:17 UTC] PHP   3. displayRatings() /home/ubuntu/workspace/w/practice/practice3/p3/reviews.php:25
[24-Sep-2018 20:01:17 UTC] PHP   4. bar_graph() /home/ubuntu/workspace/w/practice/practice3/p3/inc/charts.php:30
[24-Sep-2018 20:01:17 UTC] PHP   5. imagepng() /home/ubuntu/workspace/w/practice/practice3/p3/inc/charts.php:71
[24-Sep-2018 20:01:17 UTC] PHP Warning:  imagepng(): Unable to open 'inc/charts/1537819277.041.png' for writing: No such file or directory in /home/ubuntu/workspace/w/practice/practice3/p3/inc/charts.php on line 71
[24-Sep-2018 20:01:17 UTC] PHP Stack trace:
[24-Sep-2018 20:01:17 UTC] PHP   1. {main}() /home/ubuntu/workspace/w/practice/practice3/p3/reviews.php:0
[24-Sep-2018 20:01:17 UTC] PHP   2. movieReviews() /home/ubuntu/workspace/w/practice/practice3/p3/reviews.php:63
[24-Sep-2018 20:01:17 UTC] PHP   3. displayRatings() /home/ubuntu/workspace/w/practice/practice3/p3/reviews.php:25
[24-Sep-2018 20:01:17 UTC] PHP   4. bar_graph() /home/ubuntu/workspace/w/practice/practice3/p3/inc/charts.php:30
[24-Sep-2018 20:01:17 UTC] PHP   5. imagepng() /home/ubuntu/workspace/w/practice/practice3/p3/inc/charts.php:71
[24-Sep-2018 20:01:17 UTC] PHP Warning:  imagepng(): Unable to open 'inc/charts/1537819277.0412.png' for writing: No such file or directory in /home/ubuntu/workspace/w/practice/practice3/p3/inc/charts.php on line 71
[24-Sep-2018 20:01:17 UTC] PHP Stack trace:
[24-Sep-2018 20:01:17 UTC] PHP   1. {main}() /home/ubuntu/workspace/w/practice/practice3/p3/reviews.php:0
[24-Sep-2018 20:01:17 UTC] PHP   2. movieReviews() /home/ubuntu/workspace/w/practice/practice3/p3/reviews.php:63
[24-Sep-2018 20:01:17 UTC] PHP   3. displayRatings() /home/ubuntu/workspace/w/practice/practice3/p3/reviews.php:25
[24-Sep-2018 20:01:17 UTC] PHP   4. bar_graph() /home/ubuntu/workspace/w/practice/practice3/p3/inc/charts.php:30
[24-Sep-2018 20:01:17 UTC] PHP   5. imagepng() /home/ubuntu/workspace/w/practice/practice3/p3/inc/charts.php:71
[24-Sep-2018 20:01:17 UTC] PHP Warning:  imagepng(): Unable to open 'inc/charts/1537819277.0414.png' for writing: No such file or directory in /home/ubuntu/workspace/w/practice/practice3/p3/inc/charts.php on line 71
[24-Sep-2018 20:01:17 UTC] PHP Stack trace:
[24-Sep-2018 20:01:17 UTC] PHP   1. {main}() /home/ubuntu/workspace/w/practice/practice3/p3/reviews.php:0
[24-Sep-2018 20:01:17 UTC] PHP   2. movieReviews() /home/ubuntu/workspace/w/practice/practice3/p3/reviews.php:63
[24-Sep-2018 20:01:17 UTC] PHP   3. displayRatings() /home/ubuntu/workspace/w/practice/practice3/p3/reviews.php:25
[24-Sep-2018 20:01:17 UTC] PHP   4. bar_graph() /home/ubuntu/workspace/w/practice/practice3/p3/inc/charts.php:30
[24-Sep-2018 20:01:17 UTC] PHP   5. imagepng() /home/ubuntu/workspace/w/practice/practice3/p3/inc/charts.php:71
[24-Sep-2018 20:01:17 UTC] PHP Warning:  imagepng(): Unable to open 'inc/charts/1537819277.0416.png' for writing: No such file or directory in /home/ubuntu/workspace/w/practice/practice3/p3/inc/charts.php on line 71
[24-Sep-2018 20:01:17 UTC] PHP Stack trace:
[24-Sep-2018 20:01:17 UTC] PHP   1. {main}() /home/ubuntu/workspace/w/practice/practice3/p3/reviews.php:0
[24-Sep-2018 20:01:17 UTC] PHP   2. movieReviews() /home/ubuntu/workspace/w/practice/practice3/p3/reviews.php:65
[24-Sep-2018 20:01:17 UTC] PHP   3. displayRatings() /home/ubuntu/workspace/w/practice/practice3/p3/reviews.php:25
[24-Sep-2018 20:01:17 UTC] PHP   4. bar_graph() /home/ubuntu/workspace/w/practice/practice3/p3/inc/charts.php:30
[24-Sep-2018 20:01:17 UTC] PHP   5. imagepng() /home/ubuntu/workspace/w/practice/practice3/p3/inc/charts.php:71
[24-Sep-2018 20:10:05 UTC] PHP Warning:  imagepng(): Unable to open 'inc/charts/1537819805.6287.png' for writing: No such file or directory in /home/ubuntu/workspace/w/practice/practice3/p3/inc/charts.php on line 71
[24-Sep-2018 20:10:05 UTC] PHP Stack trace:
[24-Sep-2018 20:10:05 UTC] PHP   1. {main}() /home/ubuntu/workspace/w/practice/practice3/p3/reviews.php:0
[24-Sep-2018 20:10:05 UTC] PHP   2. movieReviews() /home/ubuntu/workspace/w/practice/practice3/p3/reviews.php:73
[24-Sep-2018 20:10:05 UTC] PHP   3. displayRatings() /home/ubuntu/workspace/w/practice/practice3/p3/reviews.php:25
[24-Sep-2018 20:10:05 UTC] PHP   4. bar_graph() /home/ubuntu/workspace/w/practice/practice3/p3/inc/charts.php:30
[24-Sep-2018 20:10:05 UTC] PHP   5. imagepng() /home/ubuntu/workspace/w/practice/practice3/p3/inc/charts.php:71
[24-Sep-2018 20:10:05 UTC] PHP Warning:  imagepng(): Unable to open 'inc/charts/1537819805.6361.png' for writing: No such file or directory in /home/ubuntu/workspace/w/practice/practice3/p3/inc/charts.php on line 71
[24-Sep-2018 20:10:05 UTC] PHP Stack trace:
[24-Sep-2018 20:10:05 UTC] PHP   1. {main}() /home/ubuntu/workspace/w/practice/practice3/p3/reviews.php:0
[24-Sep-2018 20:10:05 UTC] PHP   2. movieReviews() /home/ubuntu/workspace/w/practice/practice3/p3/reviews.php:73
[24-Sep-2018 20:10:05 UTC] PHP   3. displayRatings() /home/ubuntu/workspace/w/practice/practice3/p3/reviews.php:25
[24-Sep-2018 20:10:05 UTC] PHP   4. bar_graph() /home/ubuntu/workspace/w/practice/practice3/p3/inc/charts.php:30
[24-Sep-2018 20:10:05 UTC] PHP   5. imagepng() /home/ubuntu/workspace/w/practice/practice3/p3/inc/charts.php:71
[24-Sep-2018 20:10:05 UTC] PHP Warning:  imagepng(): Unable to open 'inc/charts/1537819805.6364.png' for writing: No such file or directory in /home/ubuntu/workspace/w/practice/practice3/p3/inc/charts.php on line 71
[24-Sep-2018 20:10:05 UTC] PHP Stack trace:
[24-Sep-2018 20:10:05 UTC] PHP   1. {main}() /home/ubuntu/workspace/w/practice/practice3/p3/reviews.php:0
[24-Sep-2018 20:10:05 UTC] PHP   2. movieReviews() /home/ubuntu/workspace/w/practice/practice3/p3/reviews.php:73
[24-Sep-2018 20:10:05 UTC] PHP   3. displayRatings() /home/ubuntu/workspace/w/practice/practice3/p3/reviews.php:25
[24-Sep-2018 20:10:05 UTC] PHP   4. bar_graph() /home/ubuntu/workspace/w/practice/practice3/p3/inc/charts.php:30
[24-Sep-2018 20:10:05 UTC] PHP   5. imagepng() /home/ubuntu/workspace/w/practice/practice3/p3/inc/charts.php:71
[24-Sep-2018 20:10:05 UTC] PHP Warning:  imagepng(): Unable to open 'inc/charts/1537819805.6366.png' for writing: No such file or directory in /home/ubuntu/workspace/w/practice/practice3/p3/inc/charts.php on line 71
[24-Sep-2018 20:10:05 UTC] PHP Stack trace:
[24-Sep-2018 20:10:05 UTC] PHP   1. {main}() /home/ubuntu/workspace/w/practice/practice3/p3/reviews.php:0
[24-Sep-2018 20:10:05 UTC] PHP   2. movieReviews() /home/ubuntu/workspace/w/practice/practice3/p3/reviews.php:73
[24-Sep-2018 20:10:05 UTC] PHP   3. displayRatings() /home/ubuntu/workspace/w/practice/practice3/p3/reviews.php:25
[24-Sep-2018 20:10:05 UTC] PHP   4. bar_graph() /home/ubuntu/workspace/w/practice/practice3/p3/inc/charts.php:30
[24-Sep-2018 20:10:05 UTC] PHP   5. imagepng() /home/ubuntu/workspace/w/practice/practice3/p3/inc/charts.php:71
[24-Sep-2018 20:11:27 UTC] PHP Warning:  imagepng(): Unable to open 'inc/charts/1537819887.9156.png' for writing: No such file or directory in /home/ubuntu/workspace/w/practice/practice3/p3/inc/charts.php on line 71
[24-Sep-2018 20:11:27 UTC] PHP Stack trace:
[24-Sep-2018 20:11:27 UTC] PHP   1. {main}() /home/ubuntu/workspace/w/practice/practice3/p3/reviews.php:0
[24-Sep-2018 20:11:27 UTC] PHP   2. movieReviews() /home/ubuntu/workspace/w/practice/practice3/p3/reviews.php:63
[24-Sep-2018 20:11:27 UTC] PHP   3. displayRatings() /home/ubuntu/workspace/w/practice/practice3/p3/reviews.php:25
[24-Sep-2018 20:11:27 UTC] PHP   4. bar_graph() /home/ubuntu/workspace/w/practice/practice3/p3/inc/charts.php:30
[24-Sep-2018 20:11:27 UTC] PHP   5. imagepng() /home/ubuntu/workspace/w/practice/practice3/p3/inc/charts.php:71
[24-Sep-2018 20:11:27 UTC] PHP Warning:  imagepng(): Unable to open 'inc/charts/1537819887.9226.png' for writing: No such file or directory in /home/ubuntu/workspace/w/practice/practice3/p3/inc/charts.php on line 71
[24-Sep-2018 20:11:27 UTC] PHP Stack trace:
[24-Sep-2018 20:11:27 UTC] PHP   1. {main}() /home/ubuntu/workspace/w/practice/practice3/p3/reviews.php:0
[24-Sep-2018 20:11:27 UTC] PHP   2. movieReviews() /home/ubuntu/workspace/w/practice/practice3/p3/reviews.php:63
[24-Sep-2018 20:11:27 UTC] PHP   3. displayRatings() /home/ubuntu/workspace/w/practice/practice3/p3/reviews.php:25
[24-Sep-2018 20:11:27 UTC] PHP   4. bar_graph() /home/ubuntu/workspace/w/practice/practice3/p3/inc/charts.php:30
[24-Sep-2018 20:11:27 UTC] PHP   5. imagepng() /home/ubuntu/workspace/w/practice/practice3/p3/inc/charts.php:71
[24-Sep-2018 20:11:27 UTC] PHP Warning:  imagepng(): Unable to open 'inc/charts/1537819887.9229.png' for writing: No such file or directory in /home/ubuntu/workspace/w/practice/practice3/p3/inc/charts.php on line 71
[24-Sep-2018 20:11:27 UTC] PHP Stack trace:
[24-Sep-2018 20:11:27 UTC] PHP   1. {main}() /home/ubuntu/workspace/w/practice/practice3/p3/reviews.php:0
[24-Sep-2018 20:11:27 UTC] PHP   2. movieReviews() /home/ubuntu/workspace/w/practice/practice3/p3/reviews.php:63
[24-Sep-2018 20:11:27 UTC] PHP   3. displayRatings() /home/ubuntu/workspace/w/practice/practice3/p3/reviews.php:25
[24-Sep-2018 20:11:27 UTC] PHP   4. bar_graph() /home/ubuntu/workspace/w/practice/practice3/p3/inc/charts.php:30
[24-Sep-2018 20:11:27 UTC] PHP   5. imagepng() /home/ubuntu/workspace/w/practice/practice3/p3/inc/charts.php:71
[24-Sep-2018 20:11:27 UTC] PHP Warning:  imagepng(): Unable to open 'inc/charts/1537819887.9231.png' for writing: No such file or directory in /home/ubuntu/workspace/w/practice/practice3/p3/inc/charts.php on line 71
[24-Sep-2018 20:11:27 UTC] PHP Stack trace:
[24-Sep-2018 20:11:27 UTC] PHP   1. {main}() /home/ubuntu/workspace/w/practice/practice3/p3/reviews.php:0
[24-Sep-2018 20:11:27 UTC] PHP   2. movieReviews() /home/ubuntu/workspace/w/practice/practice3/p3/reviews.php:63
[24-Sep-2018 20:11:27 UTC] PHP   3. displayRatings() /home/ubuntu/workspace/w/practice/practice3/p3/reviews.php:25
[24-Sep-2018 20:11:27 UTC] PHP   4. bar_graph() /home/ubuntu/workspace/w/practice/practice3/p3/inc/charts.php:30
[24-Sep-2018 20:11:27 UTC] PHP   5. imagepng() /home/ubuntu/workspace/w/practice/practice3/p3/inc/charts.php:71
[24-Sep-2018 20:11:27 UTC] PHP Warning:  imagepng(): Unable to open 'inc/charts/1537819887.9233.png' for writing: No such file or directory in /home/ubuntu/workspace/w/practice/practice3/p3/inc/charts.php on line 71
[24-Sep-2018 20:11:27 UTC] PHP Stack trace:
[24-Sep-2018 20:11:27 UTC] PHP   1. {main}() /home/ubuntu/workspace/w/practice/practice3/p3/reviews.php:0
[24-Sep-2018 20:11:27 UTC] PHP   2. movieReviews() /home/ubuntu/workspace/w/practice/practice3/p3/reviews.php:65
[24-Sep-2018 20:11:27 UTC] PHP   3. displayRatings() /home/ubuntu/workspace/w/practice/practice3/p3/reviews.php:25
[24-Sep-2018 20:11:27 UTC] PHP   4. bar_graph() /home/ubuntu/workspace/w/practice/practice3/p3/inc/charts.php:30
[24-Sep-2018 20:11:27 UTC] PHP   5. imagepng() /home/ubuntu/workspace/w/practice/practice3/p3/inc/charts.php:71
[24-Sep-2018 20:12:46 UTC] PHP Warning:  imagepng(): Unable to open 'inc/charts/1537819966.7847.png' for writing: No such file or directory in /home/ubuntu/workspace/w/practice/practice3/p3/inc/charts.php on line 71
[24-Sep-2018 20:12:46 UTC] PHP Stack trace:
[24-Sep-2018 20:12:46 UTC] PHP   1. {main}() /home/ubuntu/workspace/w/practice/practice3/p3/reviews.php:0
[24-Sep-2018 20:12:46 UTC] PHP   2. movieReviews() /home/ubuntu/workspace/w/practice/practice3/p3/reviews.php:63
[24-Sep-2018 20:12:46 UTC] PHP   3. displayRatings() /home/ubuntu/workspace/w/practice/practice3/p3/reviews.php:25
[24-Sep-2018 20:12:46 UTC] PHP   4. bar_graph() /home/ubuntu/workspace/w/practice/practice3/p3/inc/charts.php:30
[24-Sep-2018 20:12:46 UTC] PHP   5. imagepng() /home/ubuntu/workspace/w/practice/practice3/p3/inc/charts.php:71
[24-Sep-2018 20:12:46 UTC] PHP Warning:  imagepng(): Unable to open 'inc/charts/1537819966.7916.png' for writing: No such file or directory in /home/ubuntu/workspace/w/practice/practice3/p3/inc/charts.php on line 71
[24-Sep-2018 20:12:46 UTC] PHP Stack trace:
[24-Sep-2018 20:12:46 UTC] PHP   1. {main}() /home/ubuntu/workspace/w/practice/practice3/p3/reviews.php:0
[24-Sep-2018 20:12:46 UTC] PHP   2. movieReviews() /home/ubuntu/workspace/w/practice/practice3/p3/reviews.php:63
[24-Sep-2018 20:12:46 UTC] PHP   3. displayRatings() /home/ubuntu/workspace/w/practice/practice3/p3/reviews.php:25
[24-Sep-2018 20:12:46 UTC] PHP   4. bar_graph() /home/ubuntu/workspace/w/practice/practice3/p3/inc/charts.php:30
[24-Sep-2018 20:12:46 UTC] PHP   5. imagepng() /home/ubuntu/workspace/w/practice/practice3/p3/inc/charts.php:71
[24-Sep-2018 20:12:46 UTC] PHP Warning:  imagepng(): Unable to open 'inc/charts/1537819966.7918.png' for writing: No such file or directory in /home/ubuntu/workspace/w/practice/practice3/p3/inc/charts.php on line 71
[24-Sep-2018 20:12:46 UTC] PHP Stack trace:
[24-Sep-2018 20:12:46 UTC] PHP   1. {main}() /home/ubuntu/workspace/w/practice/practice3/p3/reviews.php:0
[24-Sep-2018 20:12:46 UTC] PHP   2. movieReviews() /home/ubuntu/workspace/w/practice/practice3/p3/reviews.php:63
[24-Sep-2018 20:12:46 UTC] PHP   3. displayRatings() /home/ubuntu/workspace/w/practice/practice3/p3/reviews.php:25
[24-Sep-2018 20:12:46 UTC] PHP   4. bar_graph() /home/ubuntu/workspace/w/practice/practice3/p3/inc/charts.php:30
[24-Sep-2018 20:12:46 UTC] PHP   5. imagepng() /home/ubuntu/workspace/w/practice/practice3/p3/inc/charts.php:71
[24-Sep-2018 20:12:46 UTC] PHP Warning:  imagepng(): Unable to open 'inc/charts/1537819966.7921.png' for writing: No such file or directory in /home/ubuntu/workspace/w/practice/practice3/p3/inc/charts.php on line 71
[24-Sep-2018 20:12:46 UTC] PHP Stack trace:
[24-Sep-2018 20:12:46 UTC] PHP   1. {main}() /home/ubuntu/workspace/w/practice/practice3/p3/reviews.php:0
[24-Sep-2018 20:12:46 UTC] PHP   2. movieReviews() /home/ubuntu/workspace/w/practice/practice3/p3/reviews.php:63
[24-Sep-2018 20:12:46 UTC] PHP   3. displayRatings() /home/ubuntu/workspace/w/practice/practice3/p3/reviews.php:25
[24-Sep-2018 20:12:46 UTC] PHP   4. bar_graph() /home/ubuntu/workspace/w/practice/practice3/p3/inc/charts.php:30
[24-Sep-2018 20:12:46 UTC] PHP   5. imagepng() /home/ubuntu/workspace/w/practice/practice3/p3/inc/charts.php:71
[24-Sep-2018 20:12:46 UTC] PHP Warning:  imagepng(): Unable to open 'inc/charts/1537819966.7923.png' for writing: No such file or directory in /home/ubuntu/workspace/w/practice/practice3/p3/inc/charts.php on line 71
[24-Sep-2018 20:12:46 UTC] PHP Stack trace:
[24-Sep-2018 20:12:46 UTC] PHP   1. {main}() /home/ubuntu/workspace/w/practice/practice3/p3/reviews.php:0
[24-Sep-2018 20:12:46 UTC] PHP   2. movieReviews() /home/ubuntu/workspace/w/practice/practice3/p3/reviews.php:65
[24-Sep-2018 20:12:46 UTC] PHP   3. displayRatings() /home/ubuntu/workspace/w/practice/practice3/p3/reviews.php:25
[24-Sep-2018 20:12:46 UTC] PHP   4. bar_graph() /home/ubuntu/workspace/w/practice/practice3/p3/inc/charts.php:30
[24-Sep-2018 20:12:46 UTC] PHP   5. imagepng() /home/ubuntu/workspace/w/practice/practice3/p3/inc/charts.php:71
[24-Sep-2018 20:13:23 UTC] PHP Warning:  sort() expects parameter 1 to be array, null given in /home/ubuntu/workspace/w/practice/practice3/p3/reviews.php on line 59
[24-Sep-2018 20:13:23 UTC] PHP Stack trace:
[24-Sep-2018 20:13:23 UTC] PHP   1. {main}() /home/ubuntu/workspace/w/practice/practice3/p3/reviews.php:0
[24-Sep-2018 20:13:23 UTC] PHP   2. sort() /home/ubuntu/workspace/w/practice/practice3/p3/reviews.php:59
[24-Sep-2018 20:13:23 UTC] PHP Warning:  imagepng(): Unable to open 'inc/charts/1537820003.5382.png' for writing: No such file or directory in /home/ubuntu/workspace/w/practice/practice3/p3/inc/charts.php on line 71
[24-Sep-2018 20:13:23 UTC] PHP Stack trace:
[24-Sep-2018 20:13:23 UTC] PHP   1. {main}() /home/ubuntu/workspace/w/practice/practice3/p3/reviews.php:0
[24-Sep-2018 20:13:23 UTC] PHP   2. movieReviews() /home/ubuntu/workspace/w/practice/practice3/p3/reviews.php:63
[24-Sep-2018 20:13:23 UTC] PHP   3. displayRatings() /home/ubuntu/workspace/w/practice/practice3/p3/reviews.php:25
[24-Sep-2018 20:13:23 UTC] PHP   4. bar_graph() /home/ubuntu/workspace/w/practice/practice3/p3/inc/charts.php:30
[24-Sep-2018 20:13:23 UTC] PHP   5. imagepng() /home/ubuntu/workspace/w/practice/practice3/p3/inc/charts.php:71
[24-Sep-2018 20:13:23 UTC] PHP Warning:  imagepng(): Unable to open 'inc/charts/1537820003.5385.png' for writing: No such file or directory in /home/ubuntu/workspace/w/practice/practice3/p3/inc/charts.php on line 71
[24-Sep-2018 20:13:23 UTC] PHP Stack trace:
[24-Sep-2018 20:13:23 UTC] PHP   1. {main}() /home/ubuntu/workspace/w/practice/practice3/p3/reviews.php:0
[24-Sep-2018 20:13:23 UTC] PHP   2. movieReviews() /home/ubuntu/workspace/w/practice/practice3/p3/reviews.php:63
[24-Sep-2018 20:13:23 UTC] PHP   3. displayRatings() /home/ubuntu/workspace/w/practice/practice3/p3/reviews.php:25
[24-Sep-2018 20:13:23 UTC] PHP   4. bar_graph() /home/ubuntu/workspace/w/practice/practice3/p3/inc/charts.php:30
[24-Sep-2018 20:13:23 UTC] PHP   5. imagepng() /home/ubuntu/workspace/w/practice/practice3/p3/inc/charts.php:71
[24-Sep-2018 20:13:23 UTC] PHP Warning:  imagepng(): Unable to open 'inc/charts/1537820003.5387.png' for writing: No such file or directory in /home/ubuntu/workspace/w/practice/practice3/p3/inc/charts.php on line 71
[24-Sep-2018 20:13:23 UTC] PHP Stack trace:
[24-Sep-2018 20:13:23 UTC] PHP   1. {main}() /home/ubuntu/workspace/w/practice/practice3/p3/reviews.php:0
[24-Sep-2018 20:13:23 UTC] PHP   2. movieReviews() /home/ubuntu/workspace/w/practice/practice3/p3/reviews.php:63
[24-Sep-2018 20:13:23 UTC] PHP   3. displayRatings() /home/ubuntu/workspace/w/practice/practice3/p3/reviews.php:25
[24-Sep-2018 20:13:23 UTC] PHP   4. bar_graph() /home/ubuntu/workspace/w/practice/practice3/p3/inc/charts.php:30
[24-Sep-2018 20:13:23 UTC] PHP   5. imagepng() /home/ubuntu/workspace/w/practice/practice3/p3/inc/charts.php:71
[24-Sep-2018 20:13:23 UTC] PHP Warning:  imagepng(): Unable to open 'inc/charts/1537820003.5389.png' for writing: No such file or directory in /home/ubuntu/workspace/w/practice/practice3/p3/inc/charts.php on line 71
[24-Sep-2018 20:13:23 UTC] PHP Stack trace:
[24-Sep-2018 20:13:23 UTC] PHP   1. {main}() /home/ubuntu/workspace/w/practice/practice3/p3/reviews.php:0
[24-Sep-2018 20:13:23 UTC] PHP   2. movieReviews() /home/ubuntu/workspace/w/practice/practice3/p3/reviews.php:63
[24-Sep-2018 20:13:23 UTC] PHP   3. displayRatings() /home/ubuntu/workspace/w/practice/practice3/p3/reviews.php:25
[24-Sep-2018 20:13:23 UTC] PHP   4. bar_graph() /home/ubuntu/workspace/w/practice/practice3/p3/inc/charts.php:30
[24-Sep-2018 20:13:23 UTC] PHP   5. imagepng() /home/ubuntu/workspace/w/practice/practice3/p3/inc/charts.php:71
[24-Sep-2018 20:13:23 UTC] PHP Warning:  imagepng(): Unable to open 'inc/charts/1537820003.5392.png' for writing: No such file or directory in /home/ubuntu/workspace/w/practice/practice3/p3/inc/charts.php on line 71
[24-Sep-2018 20:13:23 UTC] PHP Stack trace:
[24-Sep-2018 20:13:23 UTC] PHP   1. {main}() /home/ubuntu/workspace/w/practice/practice3/p3/reviews.php:0
[24-Sep-2018 20:13:23 UTC] PHP   2. movieReviews() /home/ubuntu/workspace/w/practice/practice3/p3/reviews.php:65
[24-Sep-2018 20:13:23 UTC] PHP   3. displayRatings() /home/ubuntu/workspace/w/practice/practice3/p3/reviews.php:25
[24-Sep-2018 20:13:23 UTC] PHP   4. bar_graph() /home/ubuntu/workspace/w/practice/practice3/p3/inc/charts.php:30
[24-Sep-2018 20:13:23 UTC] PHP   5. imagepng() /home/ubuntu/workspace/w/practice/practice3/p3/inc/charts.php:71
[24-Sep-2018 20:17:58 UTC] PHP Warning:  sort() expects parameter 1 to be array, null given in /home/ubuntu/workspace/w/practice/practice3/p3/reviews.php on line 59
[24-Sep-2018 20:17:58 UTC] PHP Stack trace:
[24-Sep-2018 20:17:58 UTC] PHP   1. {main}() /home/ubuntu/workspace/w/practice/practice3/p3/reviews.php:0
[24-Sep-2018 20:17:58 UTC] PHP   2. sort() /home/ubuntu/workspace/w/practice/practice3/p3/reviews.php:59
[24-Sep-2018 20:17:58 UTC] PHP Warning:  imagepng(): Unable to open 'inc/charts/1537820278.097.png' for writing: No such file or directory in /home/ubuntu/workspace/w/practice/practice3/p3/inc/charts.php on line 71
[24-Sep-2018 20:17:58 UTC] PHP Stack trace:
[24-Sep-2018 20:17:58 UTC] PHP   1. {main}() /home/ubuntu/workspace/w/practice/practice3/p3/reviews.php:0
[24-Sep-2018 20:17:58 UTC] PHP   2. movieReviews() /home/ubuntu/workspace/w/practice/practice3/p3/reviews.php:63
[24-Sep-2018 20:17:58 UTC] PHP   3. displayRatings() /home/ubuntu/workspace/w/practice/practice3/p3/reviews.php:25
[24-Sep-2018 20:17:58 UTC] PHP   4. bar_graph() /home/ubuntu/workspace/w/practice/practice3/p3/inc/charts.php:30
[24-Sep-2018 20:17:58 UTC] PHP   5. imagepng() /home/ubuntu/workspace/w/practice/practice3/p3/inc/charts.php:71
[24-Sep-2018 20:17:58 UTC] PHP Warning:  imagepng(): Unable to open 'inc/charts/1537820278.0973.png' for writing: No such file or directory in /home/ubuntu/workspace/w/practice/practice3/p3/inc/charts.php on line 71
[24-Sep-2018 20:17:58 UTC] PHP Stack trace:
[24-Sep-2018 20:17:58 UTC] PHP   1. {main}() /home/ubuntu/workspace/w/practice/practice3/p3/reviews.php:0
[24-Sep-2018 20:17:58 UTC] PHP   2. movieReviews() /home/ubuntu/workspace/w/practice/practice3/p3/reviews.php:63
[24-Sep-2018 20:17:58 UTC] PHP   3. displayRatings() /home/ubuntu/workspace/w/practice/practice3/p3/reviews.php:25
[24-Sep-2018 20:17:58 UTC] PHP   4. bar_graph() /home/ubuntu/workspace/w/practice/practice3/p3/inc/charts.php:30
[24-Sep-2018 20:17:58 UTC] PHP   5. imagepng() /home/ubuntu/workspace/w/practice/practice3/p3/inc/charts.php:71
[24-Sep-2018 20:17:58 UTC] PHP Warning:  imagepng(): Unable to open 'inc/charts/1537820278.0975.png' for writing: No such file or directory in /home/ubuntu/workspace/w/practice/practice3/p3/inc/charts.php on line 71
[24-Sep-2018 20:17:58 UTC] PHP Stack trace:
[24-Sep-2018 20:17:58 UTC] PHP   1. {main}() /home/ubuntu/workspace/w/practice/practice3/p3/reviews.php:0
[24-Sep-2018 20:17:58 UTC] PHP   2. movieReviews() /home/ubuntu/workspace/w/practice/practice3/p3/reviews.php:63
[24-Sep-2018 20:17:58 UTC] PHP   3. displayRatings() /home/ubuntu/workspace/w/practice/practice3/p3/reviews.php:25
[24-Sep-2018 20:17:58 UTC] PHP   4. bar_graph() /home/ubuntu/workspace/w/practice/practice3/p3/inc/charts.php:30
[24-Sep-2018 20:17:58 UTC] PHP   5. imagepng() /home/ubuntu/workspace/w/practice/practice3/p3/inc/charts.php:71
[24-Sep-2018 20:17:58 UTC] PHP Warning:  imagepng(): Unable to open 'inc/charts/1537820278.0977.png' for writing: No such file or directory in /home/ubuntu/workspace/w/practice/practice3/p3/inc/charts.php on line 71
[24-Sep-2018 20:17:58 UTC] PHP Stack trace:
[24-Sep-2018 20:17:58 UTC] PHP   1. {main}() /home/ubuntu/workspace/w/practice/practice3/p3/reviews.php:0
[24-Sep-2018 20:17:58 UTC] PHP   2. movieReviews() /home/ubuntu/workspace/w/practice/practice3/p3/reviews.php:63
[24-Sep-2018 20:17:58 UTC] PHP   3. displayRatings() /home/ubuntu/workspace/w/practice/practice3/p3/reviews.php:25
[24-Sep-2018 20:17:58 UTC] PHP   4. bar_graph() /home/ubuntu/workspace/w/practice/practice3/p3/inc/charts.php:30
[24-Sep-2018 20:17:58 UTC] PHP   5. imagepng() /home/ubuntu/workspace/w/practice/practice3/p3/inc/charts.php:71
[24-Sep-2018 20:17:58 UTC] PHP Warning:  imagepng(): Unable to open 'inc/charts/1537820278.0979.png' for writing: No such file or directory in /home/ubuntu/workspace/w/practice/practice3/p3/inc/charts.php on line 71
[24-Sep-2018 20:17:58 UTC] PHP Stack trace:
[24-Sep-2018 20:17:58 UTC] PHP   1. {main}() /home/ubuntu/workspace/w/practice/practice3/p3/reviews.php:0
[24-Sep-2018 20:17:58 UTC] PHP   2. movieReviews() /home/ubuntu/workspace/w/practice/practice3/p3/reviews.php:65
[24-Sep-2018 20:17:58 UTC] PHP   3. displayRatings() /home/ubuntu/workspace/w/practice/practice3/p3/reviews.php:25
[24-Sep-2018 20:17:58 UTC] PHP   4. bar_graph() /home/ubuntu/workspace/w/practice/practice3/p3/inc/charts.php:30
[24-Sep-2018 20:17:58 UTC] PHP   5. imagepng() /home/ubuntu/workspace/w/practice/practice3/p3/inc/charts.php:71
[24-Sep-2018 20:22:11 UTC] PHP Warning:  sort() expects parameter 1 to be array, null given in /home/ubuntu/workspace/w/practice/practice3/p3/reviews.php on line 59
[24-Sep-2018 20:22:11 UTC] PHP Stack trace:
[24-Sep-2018 20:22:11 UTC] PHP   1. {main}() /home/ubuntu/workspace/w/practice/practice3/p3/reviews.php:0
[24-Sep-2018 20:22:11 UTC] PHP   2. sort() /home/ubuntu/workspace/w/practice/practice3/p3/reviews.php:59
[24-Sep-2018 20:22:11 UTC] PHP Warning:  imagepng(): Unable to open 'inc/charts/1537820531.3809.png' for writing: No such file or directory in /home/ubuntu/workspace/w/practice/practice3/p3/inc/charts.php on line 71
[24-Sep-2018 20:22:11 UTC] PHP Stack trace:
[24-Sep-2018 20:22:11 UTC] PHP   1. {main}() /home/ubuntu/workspace/w/practice/practice3/p3/reviews.php:0
[24-Sep-2018 20:22:11 UTC] PHP   2. movieReviews() /home/ubuntu/workspace/w/practice/practice3/p3/reviews.php:63
[24-Sep-2018 20:22:11 UTC] PHP   3. displayRatings() /home/ubuntu/workspace/w/practice/practice3/p3/reviews.php:25
[24-Sep-2018 20:22:11 UTC] PHP   4. bar_graph() /home/ubuntu/workspace/w/practice/practice3/p3/inc/charts.php:30
[24-Sep-2018 20:22:11 UTC] PHP   5. imagepng() /home/ubuntu/workspace/w/practice/practice3/p3/inc/charts.php:71
[24-Sep-2018 20:22:11 UTC] PHP Warning:  imagepng(): Unable to open 'inc/charts/1537820531.3812.png' for writing: No such file or directory in /home/ubuntu/workspace/w/practice/practice3/p3/inc/charts.php on line 71
[24-Sep-2018 20:22:11 UTC] PHP Stack trace:
[24-Sep-2018 20:22:11 UTC] PHP   1. {main}() /home/ubuntu/workspace/w/practice/practice3/p3/reviews.php:0
[24-Sep-2018 20:22:11 UTC] PHP   2. movieReviews() /home/ubuntu/workspace/w/practice/practice3/p3/reviews.php:63
[24-Sep-2018 20:22:11 UTC] PHP   3. displayRatings() /home/ubuntu/workspace/w/practice/practice3/p3/reviews.php:25
[24-Sep-2018 20:22:11 UTC] PHP   4. bar_graph() /home/ubuntu/workspace/w/practice/practice3/p3/inc/charts.php:30
[24-Sep-2018 20:22:11 UTC] PHP   5. imagepng() /home/ubuntu/workspace/w/practice/practice3/p3/inc/charts.php:71
[24-Sep-2018 20:22:11 UTC] PHP Warning:  imagepng(): Unable to open 'inc/charts/1537820531.3815.png' for writing: No such file or directory in /home/ubuntu/workspace/w/practice/practice3/p3/inc/charts.php on line 71
[24-Sep-2018 20:22:11 UTC] PHP Stack trace:
[24-Sep-2018 20:22:11 UTC] PHP   1. {main}() /home/ubuntu/workspace/w/practice/practice3/p3/reviews.php:0
[24-Sep-2018 20:22:11 UTC] PHP   2. movieReviews() /home/ubuntu/workspace/w/practice/practice3/p3/reviews.php:63
[24-Sep-2018 20:22:11 UTC] PHP   3. displayRatings() /home/ubuntu/workspace/w/practice/practice3/p3/reviews.php:25
[24-Sep-2018 20:22:11 UTC] PHP   4. bar_graph() /home/ubuntu/workspace/w/practice/practice3/p3/inc/charts.php:30
[24-Sep-2018 20:22:11 UTC] PHP   5. imagepng() /home/ubuntu/workspace/w/practice/practice3/p3/inc/charts.php:71
[24-Sep-2018 20:22:11 UTC] PHP Warning:  imagepng(): Unable to open 'inc/charts/1537820531.3817.png' for writing: No such file or directory in /home/ubuntu/workspace/w/practice/practice3/p3/inc/charts.php on line 71
[24-Sep-2018 20:22:11 UTC] PHP Stack trace:
[24-Sep-2018 20:22:11 UTC] PHP   1. {main}() /home/ubuntu/workspace/w/practice/practice3/p3/reviews.php:0
[24-Sep-2018 20:22:11 UTC] PHP   2. movieReviews() /home/ubuntu/workspace/w/practice/practice3/p3/reviews.php:63
[24-Sep-2018 20:22:11 UTC] PHP   3. displayRatings() /home/ubuntu/workspace/w/practice/practice3/p3/reviews.php:25
[24-Sep-2018 20:22:11 UTC] PHP   4. bar_graph() /home/ubuntu/workspace/w/practice/practice3/p3/inc/charts.php:30
[24-Sep-2018 20:22:11 UTC] PHP   5. imagepng() /home/ubuntu/workspace/w/practice/practice3/p3/inc/charts.php:71
[24-Sep-2018 20:22:11 UTC] PHP Warning:  imagepng(): Unable to open 'inc/charts/1537820531.3819.png' for writing: No such file or directory in /home/ubuntu/workspace/w/practice/practice3/p3/inc/charts.php on line 71
[24-Sep-2018 20:22:11 UTC] PHP Stack trace:
[24-Sep-2018 20:22:11 UTC] PHP   1. {main}() /home/ubuntu/workspace/w/practice/practice3/p3/reviews.php:0
[24-Sep-2018 20:22:11 UTC] PHP   2. movieReviews() /home/ubuntu/workspace/w/practice/practice3/p3/reviews.php:65
[24-Sep-2018 20:22:11 UTC] PHP   3. displayRatings() /home/ubuntu/workspace/w/practice/practice3/p3/reviews.php:25
[24-Sep-2018 20:22:11 UTC] PHP   4. bar_graph() /home/ubuntu/workspace/w/practice/practice3/p3/inc/charts.php:30
[24-Sep-2018 20:22:11 UTC] PHP   5. imagepng() /home/ubuntu/workspace/w/practice/practice3/p3/inc/charts.php:71
[24-Sep-2018 20:22:11 UTC] PHP Warning:  sort() expects parameter 1 to be array, null given in /home/ubuntu/workspace/w/practice/practice3/p3/reviews.php on line 65
[24-Sep-2018 20:22:11 UTC] PHP Stack trace:
[24-Sep-2018 20:22:11 UTC] PHP   1. {main}() /home/ubuntu/workspace/w/practice/practice3/p3/reviews.php:0
[24-Sep-2018 20:22:11 UTC] PHP   2. sort() /home/ubuntu/workspace/w/practice/practice3/p3/reviews.php:65
[24-Sep-2018 20:22:57 UTC] PHP Warning:  imagepng(): Unable to open 'inc/charts/1537820577.8335.png' for writing: No such file or directory in /home/ubuntu/workspace/w/practice/practice3/p3/inc/charts.php on line 71
[24-Sep-2018 20:22:57 UTC] PHP Stack trace:
[24-Sep-2018 20:22:57 UTC] PHP   1. {main}() /home/ubuntu/workspace/w/practice/practice3/p3/reviews.php:0
[24-Sep-2018 20:22:57 UTC] PHP   2. movieReviews() /home/ubuntu/workspace/w/practice/practice3/p3/reviews.php:63
[24-Sep-2018 20:22:57 UTC] PHP   3. displayRatings() /home/ubuntu/workspace/w/practice/practice3/p3/reviews.php:25
[24-Sep-2018 20:22:57 UTC] PHP   4. bar_graph() /home/ubuntu/workspace/w/practice/practice3/p3/inc/charts.php:30
[24-Sep-2018 20:22:57 UTC] PHP   5. imagepng() /home/ubuntu/workspace/w/practice/practice3/p3/inc/charts.php:71
[24-Sep-2018 20:22:57 UTC] PHP Warning:  imagepng(): Unable to open 'inc/charts/1537820577.84.png' for writing: No such file or directory in /home/ubuntu/workspace/w/practice/practice3/p3/inc/charts.php on line 71
[24-Sep-2018 20:22:57 UTC] PHP Stack trace:
[24-Sep-2018 20:22:57 UTC] PHP   1. {main}() /home/ubuntu/workspace/w/practice/practice3/p3/reviews.php:0
[24-Sep-2018 20:22:57 UTC] PHP   2. movieReviews() /home/ubuntu/workspace/w/practice/practice3/p3/reviews.php:63
[24-Sep-2018 20:22:57 UTC] PHP   3. displayRatings() /home/ubuntu/workspace/w/practice/practice3/p3/reviews.php:25
[24-Sep-2018 20:22:57 UTC] PHP   4. bar_graph() /home/ubuntu/workspace/w/practice/practice3/p3/inc/charts.php:30
[24-Sep-2018 20:22:57 UTC] PHP   5. imagepng() /home/ubuntu/workspace/w/practice/practice3/p3/inc/charts.php:71
[24-Sep-2018 20:22:57 UTC] PHP Warning:  imagepng(): Unable to open 'inc/charts/1537820577.8403.png' for writing: No such file or directory in /home/ubuntu/workspace/w/practice/practice3/p3/inc/charts.php on line 71
[24-Sep-2018 20:22:57 UTC] PHP Stack trace:
[24-Sep-2018 20:22:57 UTC] PHP   1. {main}() /home/ubuntu/workspace/w/practice/practice3/p3/reviews.php:0
[24-Sep-2018 20:22:57 UTC] PHP   2. movieReviews() /home/ubuntu/workspace/w/practice/practice3/p3/reviews.php:63
[24-Sep-2018 20:22:57 UTC] PHP   3. displayRatings() /home/ubuntu/workspace/w/practice/practice3/p3/reviews.php:25
[24-Sep-2018 20:22:57 UTC] PHP   4. bar_graph() /home/ubuntu/workspace/w/practice/practice3/p3/inc/charts.php:30
[24-Sep-2018 20:22:57 UTC] PHP   5. imagepng() /home/ubuntu/workspace/w/practice/practice3/p3/inc/charts.php:71
[24-Sep-2018 20:22:57 UTC] PHP Warning:  imagepng(): Unable to open 'inc/charts/1537820577.8405.png' for writing: No such file or directory in /home/ubuntu/workspace/w/practice/practice3/p3/inc/charts.php on line 71
[24-Sep-2018 20:22:57 UTC] PHP Stack trace:
[24-Sep-2018 20:22:57 UTC] PHP   1. {main}() /home/ubuntu/workspace/w/practice/practice3/p3/reviews.php:0
[24-Sep-2018 20:22:57 UTC] PHP   2. movieReviews() /home/ubuntu/workspace/w/practice/practice3/p3/reviews.php:63
[24-Sep-2018 20:22:57 UTC] PHP   3. displayRatings() /home/ubuntu/workspace/w/practice/practice3/p3/reviews.php:25
[24-Sep-2018 20:22:57 UTC] PHP   4. bar_graph() /home/ubuntu/workspace/w/practice/practice3/p3/inc/charts.php:30
[24-Sep-2018 20:22:57 UTC] PHP   5. imagepng() /home/ubuntu/workspace/w/practice/practice3/p3/inc/charts.php:71
[24-Sep-2018 20:22:57 UTC] PHP Warning:  imagepng(): Unable to open 'inc/charts/1537820577.8407.png' for writing: No such file or directory in /home/ubuntu/workspace/w/practice/practice3/p3/inc/charts.php on line 71
[24-Sep-2018 20:22:57 UTC] PHP Stack trace:
[24-Sep-2018 20:22:57 UTC] PHP   1. {main}() /home/ubuntu/workspace/w/practice/practice3/p3/reviews.php:0
[24-Sep-2018 20:22:57 UTC] PHP   2. movieReviews() /home/ubuntu/workspace/w/practice/practice3/p3/reviews.php:65
[24-Sep-2018 20:22:57 UTC] PHP   3. displayRatings() /home/ubuntu/workspace/w/practice/practice3/p3/reviews.php:25
[24-Sep-2018 20:22:57 UTC] PHP   4. bar_graph() /home/ubuntu/workspace/w/practice/practice3/p3/inc/charts.php:30
[24-Sep-2018 20:22:57 UTC] PHP   5. imagepng() /home/ubuntu/workspace/w/practice/practice3/p3/inc/charts.php:71
[24-Sep-2018 20:22:57 UTC] PHP Warning:  sort() expects parameter 1 to be array, null given in /home/ubuntu/workspace/w/practice/practice3/p3/reviews.php on line 65
[24-Sep-2018 20:22:57 UTC] PHP Stack trace:
[24-Sep-2018 20:22:57 UTC] PHP   1. {main}() /home/ubuntu/workspace/w/practice/practice3/p3/reviews.php:0
[24-Sep-2018 20:22:57 UTC] PHP   2. sort() /home/ubuntu/workspace/w/practice/practice3/p3/reviews.php:65
